running egg_info
writing ../../build/limo_control/limo_control.egg-info/PKG-INFO
writing dependency_links to ../../build/limo_control/limo_control.egg-info/dependency_links.txt
writing entry points to ../../build/limo_control/limo_control.egg-info/entry_points.txt
writing requirements to ../../build/limo_control/limo_control.egg-info/requires.txt
writing top-level names to ../../build/limo_control/limo_control.egg-info/top_level.txt
reading manifest file '../../build/limo_control/limo_control.egg-info/SOURCES.txt'
writing manifest file '../../build/limo_control/limo_control.egg-info/SOURCES.txt'
running build
running build_py
running install
running install_lib
running install_data
running install_egg_info
removing '/home/marco/marco/uni/magistrale/IDS_project/ro2_ws/install/limo_control/lib/python3.10/site-packages/limo_control-0.0.0-py3.10.egg-info' (and everything under it)
Copying ../../build/limo_control/limo_control.egg-info to /home/marco/marco/uni/magistrale/IDS_project/ro2_ws/install/limo_control/lib/python3.10/site-packages/limo_control-0.0.0-py3.10.egg-info
running install_scripts
Installing EKF_node script to /home/marco/marco/uni/magistrale/IDS_project/ro2_ws/install/limo_control/lib/limo_control
Installing MPC_node script to /home/marco/marco/uni/magistrale/IDS_project/ro2_ws/install/limo_control/lib/limo_control
writing list of installed files to '/home/marco/marco/uni/magistrale/IDS_project/ro2_ws/build/limo_control/install.log'
