[0.071s] DEBUG:colcon:Command line arguments: ['/usr/bin/colcon', 'build']
[0.071s] DEBUG:colcon:Parsed command line arguments: Namespace(log_base=None, log_level=None, verb_name='build', build_base='build', install_base='install', merge_install=False, symlink_install=False, test_result_base=None, continue_on_error=False, executor='parallel', parallel_workers=8, event_handlers=None, ignore_user_meta=False, metas=['./colcon.meta'], base_paths=['.'], packages_ignore=None, packages_ignore_regex=None, paths=None, packages_up_to=None, packages_up_to_regex=None, packages_above=None, packages_above_and_dependencies=None, packages_above_depth=None, packages_select_by_dep=None, packages_skip_by_dep=None, packages_skip_up_to=None, packages_select_build_failed=False, packages_skip_build_finished=False, packages_select_test_failures=False, packages_skip_test_passed=False, packages_select=None, packages_skip=None, packages_select_regex=None, packages_skip_regex=None, packages_start=None, packages_end=None, allow_overriding=[], cmake_args=None, cmake_target=None, cmake_target_skip_unavailable=False, cmake_clean_cache=False, cmake_clean_first=False, cmake_force_configure=False, ament_cmake_args=None, catkin_cmake_args=None, catkin_skip_building_tests=False, mixin_files=None, mixin=None, verb_parser=<colcon_mixin.mixin.mixin_argument.MixinArgumentDecorator object at 0x7cd8748594b0>, verb_extension=<colcon_core.verb.build.BuildVerb object at 0x7cd8749cef80>, main=<bound method BuildVerb.main of <colcon_core.verb.build.BuildVerb object at 0x7cd8749cef80>>, mixin_verb=('build',))
[0.183s] Level 1:colcon.colcon_core.package_discovery:discover_packages(colcon_meta) check parameters
[0.183s] Level 1:colcon.colcon_core.package_discovery:discover_packages(recursive) check parameters
[0.183s] Level 1:colcon.colcon_core.package_discovery:discover_packages(ignore) check parameters
[0.183s] Level 1:colcon.colcon_core.package_discovery:discover_packages(path) check parameters
[0.183s] Level 1:colcon.colcon_core.package_discovery:discover_packages(colcon_meta) discover
[0.183s] Level 1:colcon.colcon_core.package_discovery:discover_packages(recursive) discover
[0.183s] INFO:colcon.colcon_core.package_discovery:Crawling recursively for packages in '/home/marco/marco/uni/magistrale/IDS_project/ro2_ws'
[0.183s] Level 1:colcon.colcon_core.package_identification:_identify(.) by extensions ['ignore', 'ignore_ament_install']
[0.184s] Level 1:colcon.colcon_core.package_identification:_identify(.) by extension 'ignore'
[0.184s] Level 1:colcon.colcon_core.package_identification:_identify(.) by extension 'ignore_ament_install'
[0.184s] Level 1:colcon.colcon_core.package_identification:_identify(.) by extensions ['colcon_pkg']
[0.184s] Level 1:colcon.colcon_core.package_identification:_identify(.) by extension 'colcon_pkg'
[0.184s] Level 1:colcon.colcon_core.package_identification:_identify(.) by extensions ['colcon_meta']
[0.184s] Level 1:colcon.colcon_core.package_identification:_identify(.) by extension 'colcon_meta'
[0.184s] Level 1:colcon.colcon_core.package_identification:_identify(.) by extensions ['ros']
[0.184s] Level 1:colcon.colcon_core.package_identification:_identify(.) by extension 'ros'
[0.191s] Level 1:colcon.colcon_core.package_identification:_identify(.) by extensions ['cmake', 'python']
[0.191s] Level 1:colcon.colcon_core.package_identification:_identify(.) by extension 'cmake'
[0.191s] Level 1:colcon.colcon_core.package_identification:_identify(.) by extension 'python'
[0.191s] Level 1:colcon.colcon_core.package_identification:_identify(.) by extensions ['python_setup_py']
[0.191s] Level 1:colcon.colcon_core.package_identification:_identify(.) by extension 'python_setup_py'
[0.191s] Level 1:colcon.colcon_core.package_identification:_identify(build) by extensions ['ignore', 'ignore_ament_install']
[0.191s] Level 1:colcon.colcon_core.package_identification:_identify(build) by extension 'ignore'
[0.191s] Level 1:colcon.colcon_core.package_identification:_identify(build) ignored
[0.191s] Level 1:colcon.colcon_core.package_identification:_identify(install) by extensions ['ignore', 'ignore_ament_install']
[0.191s] Level 1:colcon.colcon_core.package_identification:_identify(install) by extension 'ignore'
[0.191s] Level 1:colcon.colcon_core.package_identification:_identify(install) ignored
[0.191s] Level 1:colcon.colcon_core.package_identification:_identify(log) by extensions ['ignore', 'ignore_ament_install']
[0.191s] Level 1:colcon.colcon_core.package_identification:_identify(log) by extension 'ignore'
[0.191s] Level 1:colcon.colcon_core.package_identification:_identify(log) ignored
[0.191s] Level 1:colcon.colcon_core.package_identification:_identify(src) by extensions ['ignore', 'ignore_ament_install']
[0.191s] Level 1:colcon.colcon_core.package_identification:_identify(src) by extension 'ignore'
[0.191s] Level 1:colcon.colcon_core.package_identification:_identify(src) by extension 'ignore_ament_install'
[0.192s] Level 1:colcon.colcon_core.package_identification:_identify(src) by extensions ['colcon_pkg']
[0.192s] Level 1:colcon.colcon_core.package_identification:_identify(src) by extension 'colcon_pkg'
[0.192s] Level 1:colcon.colcon_core.package_identification:_identify(src) by extensions ['colcon_meta']
[0.192s] Level 1:colcon.colcon_core.package_identification:_identify(src) by extension 'colcon_meta'
[0.192s] Level 1:colcon.colcon_core.package_identification:_identify(src) by extensions ['ros']
[0.192s] Level 1:colcon.colcon_core.package_identification:_identify(src) by extension 'ros'
[0.192s] Level 1:colcon.colcon_core.package_identification:_identify(src) by extensions ['cmake', 'python']
[0.192s] Level 1:colcon.colcon_core.package_identification:_identify(src) by extension 'cmake'
[0.192s] Level 1:colcon.colcon_core.package_identification:_identify(src) by extension 'python'
[0.192s] Level 1:colcon.colcon_core.package_identification:_identify(src) by extensions ['python_setup_py']
[0.192s] Level 1:colcon.colcon_core.package_identification:_identify(src) by extension 'python_setup_py'
[0.192s] Level 1:colcon.colcon_core.package_identification:_identify(src/build) by extensions ['ignore', 'ignore_ament_install']
[0.192s] Level 1:colcon.colcon_core.package_identification:_identify(src/build) by extension 'ignore'
[0.192s] Level 1:colcon.colcon_core.package_identification:_identify(src/build) ignored
[0.192s] Level 1:colcon.colcon_core.package_identification:_identify(src/install) by extensions ['ignore', 'ignore_ament_install']
[0.192s] Level 1:colcon.colcon_core.package_identification:_identify(src/install) by extension 'ignore'
[0.192s] Level 1:colcon.colcon_core.package_identification:_identify(src/install) ignored
[0.192s] Level 1:colcon.colcon_core.package_identification:_identify(src/limo_control) by extensions ['ignore', 'ignore_ament_install']
[0.192s] Level 1:colcon.colcon_core.package_identification:_identify(src/limo_control) by extension 'ignore'
[0.192s] Level 1:colcon.colcon_core.package_identification:_identify(src/limo_control) by extension 'ignore_ament_install'
[0.192s] Level 1:colcon.colcon_core.package_identification:_identify(src/limo_control) by extensions ['colcon_pkg']
[0.192s] Level 1:colcon.colcon_core.package_identification:_identify(src/limo_control) by extension 'colcon_pkg'
[0.192s] Level 1:colcon.colcon_core.package_identification:_identify(src/limo_control) by extensions ['colcon_meta']
[0.192s] Level 1:colcon.colcon_core.package_identification:_identify(src/limo_control) by extension 'colcon_meta'
[0.192s] Level 1:colcon.colcon_core.package_identification:_identify(src/limo_control) by extensions ['ros']
[0.192s] Level 1:colcon.colcon_core.package_identification:_identify(src/limo_control) by extension 'ros'
[0.197s] DEBUG:colcon.colcon_core.package_identification:Package 'src/limo_control' with type 'ros.ament_python' and name 'limo_control'
[0.197s] Level 1:colcon.colcon_core.package_identification:_identify(src/limo_description) by extensions ['ignore', 'ignore_ament_install']
[0.197s] Level 1:colcon.colcon_core.package_identification:_identify(src/limo_description) by extension 'ignore'
[0.197s] Level 1:colcon.colcon_core.package_identification:_identify(src/limo_description) by extension 'ignore_ament_install'
[0.197s] Level 1:colcon.colcon_core.package_identification:_identify(src/limo_description) by extensions ['colcon_pkg']
[0.197s] Level 1:colcon.colcon_core.package_identification:_identify(src/limo_description) by extension 'colcon_pkg'
[0.197s] Level 1:colcon.colcon_core.package_identification:_identify(src/limo_description) by extensions ['colcon_meta']
[0.197s] Level 1:colcon.colcon_core.package_identification:_identify(src/limo_description) by extension 'colcon_meta'
[0.197s] Level 1:colcon.colcon_core.package_identification:_identify(src/limo_description) by extensions ['ros']
[0.197s] Level 1:colcon.colcon_core.package_identification:_identify(src/limo_description) by extension 'ros'
[0.198s] DEBUG:colcon.colcon_core.package_identification:Package 'src/limo_description' with type 'ros.ament_python' and name 'limo_description'
[0.198s] Level 1:colcon.colcon_core.package_identification:_identify(src/limo_gazebo) by extensions ['ignore', 'ignore_ament_install']
[0.198s] Level 1:colcon.colcon_core.package_identification:_identify(src/limo_gazebo) by extension 'ignore'
[0.198s] Level 1:colcon.colcon_core.package_identification:_identify(src/limo_gazebo) by extension 'ignore_ament_install'
[0.198s] Level 1:colcon.colcon_core.package_identification:_identify(src/limo_gazebo) by extensions ['colcon_pkg']
[0.198s] Level 1:colcon.colcon_core.package_identification:_identify(src/limo_gazebo) by extension 'colcon_pkg'
[0.198s] Level 1:colcon.colcon_core.package_identification:_identify(src/limo_gazebo) by extensions ['colcon_meta']
[0.198s] Level 1:colcon.colcon_core.package_identification:_identify(src/limo_gazebo) by extension 'colcon_meta'
[0.198s] Level 1:colcon.colcon_core.package_identification:_identify(src/limo_gazebo) by extensions ['ros']
[0.198s] Level 1:colcon.colcon_core.package_identification:_identify(src/limo_gazebo) by extension 'ros'
[0.199s] DEBUG:colcon.colcon_core.package_identification:Package 'src/limo_gazebo' with type 'ros.ament_python' and name 'limo_gazebo'
[0.199s] Level 1:colcon.colcon_core.package_identification:_identify(src/limo_sensors) by extensions ['ignore', 'ignore_ament_install']
[0.199s] Level 1:colcon.colcon_core.package_identification:_identify(src/limo_sensors) by extension 'ignore'
[0.199s] Level 1:colcon.colcon_core.package_identification:_identify(src/limo_sensors) by extension 'ignore_ament_install'
[0.199s] Level 1:colcon.colcon_core.package_identification:_identify(src/limo_sensors) by extensions ['colcon_pkg']
[0.199s] Level 1:colcon.colcon_core.package_identification:_identify(src/limo_sensors) by extension 'colcon_pkg'
[0.199s] Level 1:colcon.colcon_core.package_identification:_identify(src/limo_sensors) by extensions ['colcon_meta']
[0.199s] Level 1:colcon.colcon_core.package_identification:_identify(src/limo_sensors) by extension 'colcon_meta'
[0.199s] Level 1:colcon.colcon_core.package_identification:_identify(src/limo_sensors) by extensions ['ros']
[0.199s] Level 1:colcon.colcon_core.package_identification:_identify(src/limo_sensors) by extension 'ros'
[0.200s] DEBUG:colcon.colcon_core.package_identification:Package 'src/limo_sensors' with type 'ros.ament_python' and name 'limo_sensors'
[0.200s] Level 1:colcon.colcon_core.package_identification:_identify(src/log) by extensions ['ignore', 'ignore_ament_install']
[0.200s] Level 1:colcon.colcon_core.package_identification:_identify(src/log) by extension 'ignore'
[0.200s] Level 1:colcon.colcon_core.package_identification:_identify(src/log) ignored
[0.200s] Level 1:colcon.colcon_core.package_identification:_identify(src/person_sim) by extensions ['ignore', 'ignore_ament_install']
[0.200s] Level 1:colcon.colcon_core.package_identification:_identify(src/person_sim) by extension 'ignore'
[0.200s] Level 1:colcon.colcon_core.package_identification:_identify(src/person_sim) by extension 'ignore_ament_install'
[0.200s] Level 1:colcon.colcon_core.package_identification:_identify(src/person_sim) by extensions ['colcon_pkg']
[0.200s] Level 1:colcon.colcon_core.package_identification:_identify(src/person_sim) by extension 'colcon_pkg'
[0.200s] Level 1:colcon.colcon_core.package_identification:_identify(src/person_sim) by extensions ['colcon_meta']
[0.200s] Level 1:colcon.colcon_core.package_identification:_identify(src/person_sim) by extension 'colcon_meta'
[0.200s] Level 1:colcon.colcon_core.package_identification:_identify(src/person_sim) by extensions ['ros']
[0.201s] Level 1:colcon.colcon_core.package_identification:_identify(src/person_sim) by extension 'ros'
[0.201s] DEBUG:colcon.colcon_core.package_identification:Package 'src/person_sim' with type 'ros.ament_python' and name 'person_sim'
[0.201s] Level 1:colcon.colcon_core.package_discovery:discover_packages(recursive) using defaults
[0.201s] Level 1:colcon.colcon_core.package_discovery:discover_packages(ignore) discover
[0.201s] Level 1:colcon.colcon_core.package_discovery:discover_packages(ignore) using defaults
[0.201s] Level 1:colcon.colcon_core.package_discovery:discover_packages(path) discover
[0.201s] Level 1:colcon.colcon_core.package_discovery:discover_packages(path) using defaults
[0.222s] Level 1:colcon.colcon_core.package_discovery:discover_packages(prefix_path) check parameters
[0.222s] Level 1:colcon.colcon_core.package_discovery:discover_packages(prefix_path) discover
[0.223s] DEBUG:colcon.colcon_installed_package_information.package_discovery:Found 0 installed packages in /home/marco/marco/uni/magistrale/IDS_project/ro2_ws/src/person_sim/person_sim/install
[0.224s] DEBUG:colcon.colcon_installed_package_information.package_discovery:Found 292 installed packages in /opt/ros/humble
[0.225s] Level 1:colcon.colcon_core.package_discovery:discover_packages(prefix_path) using defaults
[0.248s] Level 5:colcon.colcon_core.verb:set package 'limo_control' build argument 'cmake_args' from command line to 'None'
[0.248s] Level 5:colcon.colcon_core.verb:set package 'limo_control' build argument 'cmake_target' from command line to 'None'
[0.248s] Level 5:colcon.colcon_core.verb:set package 'limo_control' build argument 'cmake_target_skip_unavailable' from command line to 'False'
[0.248s] Level 5:colcon.colcon_core.verb:set package 'limo_control' build argument 'cmake_clean_cache' from command line to 'False'
[0.248s] Level 5:colcon.colcon_core.verb:set package 'limo_control' build argument 'cmake_clean_first' from command line to 'False'
[0.248s] Level 5:colcon.colcon_core.verb:set package 'limo_control' build argument 'cmake_force_configure' from command line to 'False'
[0.248s] Level 5:colcon.colcon_core.verb:set package 'limo_control' build argument 'ament_cmake_args' from command line to 'None'
[0.248s] Level 5:colcon.colcon_core.verb:set package 'limo_control' build argument 'catkin_cmake_args' from command line to 'None'
[0.248s] Level 5:colcon.colcon_core.verb:set package 'limo_control' build argument 'catkin_skip_building_tests' from command line to 'False'
[0.248s] DEBUG:colcon.colcon_core.verb:Building package 'limo_control' with the following arguments: {'ament_cmake_args': None, 'build_base': '/home/marco/marco/uni/magistrale/IDS_project/ro2_ws/build/limo_control', 'catkin_cmake_args': None, 'catkin_skip_building_tests': False, 'cmake_args': None, 'cmake_clean_cache': False, 'cmake_clean_first': False, 'cmake_force_configure': False, 'cmake_target': None, 'cmake_target_skip_unavailable': False, 'install_base': '/home/marco/marco/uni/magistrale/IDS_project/ro2_ws/install/limo_control', 'merge_install': False, 'path': '/home/marco/marco/uni/magistrale/IDS_project/ro2_ws/src/limo_control', 'symlink_install': False, 'test_result_base': None}
[0.249s] Level 5:colcon.colcon_core.verb:set package 'limo_description' build argument 'cmake_args' from command line to 'None'
[0.249s] Level 5:colcon.colcon_core.verb:set package 'limo_description' build argument 'cmake_target' from command line to 'None'
[0.249s] Level 5:colcon.colcon_core.verb:set package 'limo_description' build argument 'cmake_target_skip_unavailable' from command line to 'False'
[0.249s] Level 5:colcon.colcon_core.verb:set package 'limo_description' build argument 'cmake_clean_cache' from command line to 'False'
[0.249s] Level 5:colcon.colcon_core.verb:set package 'limo_description' build argument 'cmake_clean_first' from command line to 'False'
[0.249s] Level 5:colcon.colcon_core.verb:set package 'limo_description' build argument 'cmake_force_configure' from command line to 'False'
[0.249s] Level 5:colcon.colcon_core.verb:set package 'limo_description' build argument 'ament_cmake_args' from command line to 'None'
[0.249s] Level 5:colcon.colcon_core.verb:set package 'limo_description' build argument 'catkin_cmake_args' from command line to 'None'
[0.249s] Level 5:colcon.colcon_core.verb:set package 'limo_description' build argument 'catkin_skip_building_tests' from command line to 'False'
[0.249s] DEBUG:colcon.colcon_core.verb:Building package 'limo_description' with the following arguments: {'ament_cmake_args': None, 'build_base': '/home/marco/marco/uni/magistrale/IDS_project/ro2_ws/build/limo_description', 'catkin_cmake_args': None, 'catkin_skip_building_tests': False, 'cmake_args': None, 'cmake_clean_cache': False, 'cmake_clean_first': False, 'cmake_force_configure': False, 'cmake_target': None, 'cmake_target_skip_unavailable': False, 'install_base': '/home/marco/marco/uni/magistrale/IDS_project/ro2_ws/install/limo_description', 'merge_install': False, 'path': '/home/marco/marco/uni/magistrale/IDS_project/ro2_ws/src/limo_description', 'symlink_install': False, 'test_result_base': None}
[0.249s] Level 5:colcon.colcon_core.verb:set package 'limo_gazebo' build argument 'cmake_args' from command line to 'None'
[0.249s] Level 5:colcon.colcon_core.verb:set package 'limo_gazebo' build argument 'cmake_target' from command line to 'None'
[0.249s] Level 5:colcon.colcon_core.verb:set package 'limo_gazebo' build argument 'cmake_target_skip_unavailable' from command line to 'False'
[0.249s] Level 5:colcon.colcon_core.verb:set package 'limo_gazebo' build argument 'cmake_clean_cache' from command line to 'False'
[0.249s] Level 5:colcon.colcon_core.verb:set package 'limo_gazebo' build argument 'cmake_clean_first' from command line to 'False'
[0.249s] Level 5:colcon.colcon_core.verb:set package 'limo_gazebo' build argument 'cmake_force_configure' from command line to 'False'
[0.249s] Level 5:colcon.colcon_core.verb:set package 'limo_gazebo' build argument 'ament_cmake_args' from command line to 'None'
[0.249s] Level 5:colcon.colcon_core.verb:set package 'limo_gazebo' build argument 'catkin_cmake_args' from command line to 'None'
[0.249s] Level 5:colcon.colcon_core.verb:set package 'limo_gazebo' build argument 'catkin_skip_building_tests' from command line to 'False'
[0.249s] DEBUG:colcon.colcon_core.verb:Building package 'limo_gazebo' with the following arguments: {'ament_cmake_args': None, 'build_base': '/home/marco/marco/uni/magistrale/IDS_project/ro2_ws/build/limo_gazebo', 'catkin_cmake_args': None, 'catkin_skip_building_tests': False, 'cmake_args': None, 'cmake_clean_cache': False, 'cmake_clean_first': False, 'cmake_force_configure': False, 'cmake_target': None, 'cmake_target_skip_unavailable': False, 'install_base': '/home/marco/marco/uni/magistrale/IDS_project/ro2_ws/install/limo_gazebo', 'merge_install': False, 'path': '/home/marco/marco/uni/magistrale/IDS_project/ro2_ws/src/limo_gazebo', 'symlink_install': False, 'test_result_base': None}
[0.250s] Level 5:colcon.colcon_core.verb:set package 'limo_sensors' build argument 'cmake_args' from command line to 'None'
[0.250s] Level 5:colcon.colcon_core.verb:set package 'limo_sensors' build argument 'cmake_target' from command line to 'None'
[0.250s] Level 5:colcon.colcon_core.verb:set package 'limo_sensors' build argument 'cmake_target_skip_unavailable' from command line to 'False'
[0.250s] Level 5:colcon.colcon_core.verb:set package 'limo_sensors' build argument 'cmake_clean_cache' from command line to 'False'
[0.250s] Level 5:colcon.colcon_core.verb:set package 'limo_sensors' build argument 'cmake_clean_first' from command line to 'False'
[0.250s] Level 5:colcon.colcon_core.verb:set package 'limo_sensors' build argument 'cmake_force_configure' from command line to 'False'
[0.250s] Level 5:colcon.colcon_core.verb:set package 'limo_sensors' build argument 'ament_cmake_args' from command line to 'None'
[0.250s] Level 5:colcon.colcon_core.verb:set package 'limo_sensors' build argument 'catkin_cmake_args' from command line to 'None'
[0.250s] Level 5:colcon.colcon_core.verb:set package 'limo_sensors' build argument 'catkin_skip_building_tests' from command line to 'False'
[0.250s] DEBUG:colcon.colcon_core.verb:Building package 'limo_sensors' with the following arguments: {'ament_cmake_args': None, 'build_base': '/home/marco/marco/uni/magistrale/IDS_project/ro2_ws/build/limo_sensors', 'catkin_cmake_args': None, 'catkin_skip_building_tests': False, 'cmake_args': None, 'cmake_clean_cache': False, 'cmake_clean_first': False, 'cmake_force_configure': False, 'cmake_target': None, 'cmake_target_skip_unavailable': False, 'install_base': '/home/marco/marco/uni/magistrale/IDS_project/ro2_ws/install/limo_sensors', 'merge_install': False, 'path': '/home/marco/marco/uni/magistrale/IDS_project/ro2_ws/src/limo_sensors', 'symlink_install': False, 'test_result_base': None}
[0.250s] Level 5:colcon.colcon_core.verb:set package 'person_sim' build argument 'cmake_args' from command line to 'None'
[0.250s] Level 5:colcon.colcon_core.verb:set package 'person_sim' build argument 'cmake_target' from command line to 'None'
[0.250s] Level 5:colcon.colcon_core.verb:set package 'person_sim' build argument 'cmake_target_skip_unavailable' from command line to 'False'
[0.250s] Level 5:colcon.colcon_core.verb:set package 'person_sim' build argument 'cmake_clean_cache' from command line to 'False'
[0.250s] Level 5:colcon.colcon_core.verb:set package 'person_sim' build argument 'cmake_clean_first' from command line to 'False'
[0.250s] Level 5:colcon.colcon_core.verb:set package 'person_sim' build argument 'cmake_force_configure' from command line to 'False'
[0.250s] Level 5:colcon.colcon_core.verb:set package 'person_sim' build argument 'ament_cmake_args' from command line to 'None'
[0.250s] Level 5:colcon.colcon_core.verb:set package 'person_sim' build argument 'catkin_cmake_args' from command line to 'None'
[0.250s] Level 5:colcon.colcon_core.verb:set package 'person_sim' build argument 'catkin_skip_building_tests' from command line to 'False'
[0.250s] DEBUG:colcon.colcon_core.verb:Building package 'person_sim' with the following arguments: {'ament_cmake_args': None, 'build_base': '/home/marco/marco/uni/magistrale/IDS_project/ro2_ws/build/person_sim', 'catkin_cmake_args': None, 'catkin_skip_building_tests': False, 'cmake_args': None, 'cmake_clean_cache': False, 'cmake_clean_first': False, 'cmake_force_configure': False, 'cmake_target': None, 'cmake_target_skip_unavailable': False, 'install_base': '/home/marco/marco/uni/magistrale/IDS_project/ro2_ws/install/person_sim', 'merge_install': False, 'path': '/home/marco/marco/uni/magistrale/IDS_project/ro2_ws/src/person_sim', 'symlink_install': False, 'test_result_base': None}
[0.250s] INFO:colcon.colcon_core.executor:Executing jobs using 'parallel' executor
[0.251s] DEBUG:colcon.colcon_parallel_executor.executor.parallel:run_until_complete
[0.252s] INFO:colcon.colcon_ros.task.ament_python.build:Building ROS package in '/home/marco/marco/uni/magistrale/IDS_project/ro2_ws/src/limo_control' with build type 'ament_python'
[0.252s] Level 1:colcon.colcon_core.shell:create_environment_hook('limo_control', 'ament_prefix_path')
[0.253s] INFO:colcon.colcon_core.plugin_system:Skipping extension 'colcon_core.shell.bat': Not used on non-Windows systems
[0.253s] INFO:colcon.colcon_core.shell:Creating environment hook '/home/marco/marco/uni/magistrale/IDS_project/ro2_ws/install/limo_control/share/limo_control/hook/ament_prefix_path.ps1'
[0.254s] INFO:colcon.colcon_core.shell:Creating environment descriptor '/home/marco/marco/uni/magistrale/IDS_project/ro2_ws/install/limo_control/share/limo_control/hook/ament_prefix_path.dsv'
[0.254s] INFO:colcon.colcon_core.shell:Creating environment hook '/home/marco/marco/uni/magistrale/IDS_project/ro2_ws/install/limo_control/share/limo_control/hook/ament_prefix_path.sh'
[0.255s] INFO:colcon.colcon_core.shell:Skip shell extension 'powershell' for command environment: Not usable outside of PowerShell
[0.255s] DEBUG:colcon.colcon_core.shell:Skip shell extension 'dsv' for command environment
[0.258s] INFO:colcon.colcon_ros.task.ament_python.build:Building ROS package in '/home/marco/marco/uni/magistrale/IDS_project/ro2_ws/src/limo_description' with build type 'ament_python'
[0.258s] Level 1:colcon.colcon_core.shell:create_environment_hook('limo_description', 'ament_prefix_path')
[0.258s] INFO:colcon.colcon_core.shell:Creating environment hook '/home/marco/marco/uni/magistrale/IDS_project/ro2_ws/install/limo_description/share/limo_description/hook/ament_prefix_path.ps1'
[0.259s] INFO:colcon.colcon_core.shell:Creating environment descriptor '/home/marco/marco/uni/magistrale/IDS_project/ro2_ws/install/limo_description/share/limo_description/hook/ament_prefix_path.dsv'
[0.259s] INFO:colcon.colcon_core.shell:Creating environment hook '/home/marco/marco/uni/magistrale/IDS_project/ro2_ws/install/limo_description/share/limo_description/hook/ament_prefix_path.sh'
[0.260s] INFO:colcon.colcon_core.shell:Skip shell extension 'powershell' for command environment: Not usable outside of PowerShell
[0.260s] DEBUG:colcon.colcon_core.shell:Skip shell extension 'dsv' for command environment
[0.262s] INFO:colcon.colcon_ros.task.ament_python.build:Building ROS package in '/home/marco/marco/uni/magistrale/IDS_project/ro2_ws/src/limo_gazebo' with build type 'ament_python'
[0.262s] Level 1:colcon.colcon_core.shell:create_environment_hook('limo_gazebo', 'ament_prefix_path')
[0.262s] INFO:colcon.colcon_core.shell:Creating environment hook '/home/marco/marco/uni/magistrale/IDS_project/ro2_ws/install/limo_gazebo/share/limo_gazebo/hook/ament_prefix_path.ps1'
[0.263s] INFO:colcon.colcon_core.shell:Creating environment descriptor '/home/marco/marco/uni/magistrale/IDS_project/ro2_ws/install/limo_gazebo/share/limo_gazebo/hook/ament_prefix_path.dsv'
[0.263s] INFO:colcon.colcon_core.shell:Creating environment hook '/home/marco/marco/uni/magistrale/IDS_project/ro2_ws/install/limo_gazebo/share/limo_gazebo/hook/ament_prefix_path.sh'
[0.264s] INFO:colcon.colcon_core.shell:Skip shell extension 'powershell' for command environment: Not usable outside of PowerShell
[0.264s] DEBUG:colcon.colcon_core.shell:Skip shell extension 'dsv' for command environment
[0.267s] INFO:colcon.colcon_ros.task.ament_python.build:Building ROS package in '/home/marco/marco/uni/magistrale/IDS_project/ro2_ws/src/limo_sensors' with build type 'ament_python'
[0.267s] Level 1:colcon.colcon_core.shell:create_environment_hook('limo_sensors', 'ament_prefix_path')
[0.268s] INFO:colcon.colcon_core.shell:Creating environment hook '/home/marco/marco/uni/magistrale/IDS_project/ro2_ws/install/limo_sensors/share/limo_sensors/hook/ament_prefix_path.ps1'
[0.268s] INFO:colcon.colcon_core.shell:Creating environment descriptor '/home/marco/marco/uni/magistrale/IDS_project/ro2_ws/install/limo_sensors/share/limo_sensors/hook/ament_prefix_path.dsv'
[0.268s] INFO:colcon.colcon_core.shell:Creating environment hook '/home/marco/marco/uni/magistrale/IDS_project/ro2_ws/install/limo_sensors/share/limo_sensors/hook/ament_prefix_path.sh'
[0.269s] INFO:colcon.colcon_core.shell:Skip shell extension 'powershell' for command environment: Not usable outside of PowerShell
[0.269s] DEBUG:colcon.colcon_core.shell:Skip shell extension 'dsv' for command environment
[0.271s] INFO:colcon.colcon_ros.task.ament_python.build:Building ROS package in '/home/marco/marco/uni/magistrale/IDS_project/ro2_ws/src/person_sim' with build type 'ament_python'
[0.272s] Level 1:colcon.colcon_core.shell:create_environment_hook('person_sim', 'ament_prefix_path')
[0.272s] INFO:colcon.colcon_core.shell:Creating environment hook '/home/marco/marco/uni/magistrale/IDS_project/ro2_ws/install/person_sim/share/person_sim/hook/ament_prefix_path.ps1'
[0.272s] INFO:colcon.colcon_core.shell:Creating environment descriptor '/home/marco/marco/uni/magistrale/IDS_project/ro2_ws/install/person_sim/share/person_sim/hook/ament_prefix_path.dsv'
[0.273s] INFO:colcon.colcon_core.shell:Creating environment hook '/home/marco/marco/uni/magistrale/IDS_project/ro2_ws/install/person_sim/share/person_sim/hook/ament_prefix_path.sh'
[0.273s] INFO:colcon.colcon_core.shell:Skip shell extension 'powershell' for command environment: Not usable outside of PowerShell
[0.273s] DEBUG:colcon.colcon_core.shell:Skip shell extension 'dsv' for command environment
[0.449s] INFO:colcon.colcon_core.task.python.build:Building Python package in '/home/marco/marco/uni/magistrale/IDS_project/ro2_ws/src/limo_control'
[0.450s] INFO:colcon.colcon_core.shell:Skip shell extension 'powershell' for command environment: Not usable outside of PowerShell
[0.450s] DEBUG:colcon.colcon_core.shell:Skip shell extension 'dsv' for command environment
[0.619s] INFO:colcon.colcon_core.task.python.build:Building Python package in '/home/marco/marco/uni/magistrale/IDS_project/ro2_ws/src/limo_description'
[0.619s] INFO:colcon.colcon_core.shell:Skip shell extension 'powershell' for command environment: Not usable outside of PowerShell
[0.620s] DEBUG:colcon.colcon_core.shell:Skip shell extension 'dsv' for command environment
[0.800s] INFO:colcon.colcon_core.task.python.build:Building Python package in '/home/marco/marco/uni/magistrale/IDS_project/ro2_ws/src/limo_gazebo'
[0.800s] INFO:colcon.colcon_core.shell:Skip shell extension 'powershell' for command environment: Not usable outside of PowerShell
[0.800s] DEBUG:colcon.colcon_core.shell:Skip shell extension 'dsv' for command environment
[0.965s] INFO:colcon.colcon_core.task.python.build:Building Python package in '/home/marco/marco/uni/magistrale/IDS_project/ro2_ws/src/limo_sensors'
[0.966s] INFO:colcon.colcon_core.shell:Skip shell extension 'powershell' for command environment: Not usable outside of PowerShell
[0.966s] DEBUG:colcon.colcon_core.shell:Skip shell extension 'dsv' for command environment
[1.137s] INFO:colcon.colcon_core.task.python.build:Building Python package in '/home/marco/marco/uni/magistrale/IDS_project/ro2_ws/src/person_sim'
[1.138s] INFO:colcon.colcon_core.shell:Skip shell extension 'powershell' for command environment: Not usable outside of PowerShell
[1.138s] DEBUG:colcon.colcon_core.shell:Skip shell extension 'dsv' for command environment
[1.469s] DEBUG:colcon.colcon_core.event_handler.log_command:Invoking command in '/home/marco/marco/uni/magistrale/IDS_project/ro2_ws/src/limo_description': PYTHONPATH=/home/marco/marco/uni/magistrale/IDS_project/ro2_ws/build/limo_description/prefix_override:/usr/lib/python3/dist-packages/colcon_core/task/python/colcon_distutils_commands:/home/marco/marco/uni/magistrale/IDS_project/ro2_ws/install/limo_description/lib/python3.10/site-packages:${PYTHONPATH} /usr/bin/python3 -W ignore:setup.py install is deprecated -W ignore:easy_install command is deprecated setup.py egg_info --egg-base ../../build/limo_description build --build-base /home/marco/marco/uni/magistrale/IDS_project/ro2_ws/build/limo_description/build install --record /home/marco/marco/uni/magistrale/IDS_project/ro2_ws/build/limo_description/install.log --single-version-externally-managed install_data
[1.471s] DEBUG:colcon.colcon_core.event_handler.log_command:Invoking command in '/home/marco/marco/uni/magistrale/IDS_project/ro2_ws/src/limo_sensors': PYTHONPATH=/home/marco/marco/uni/magistrale/IDS_project/ro2_ws/build/limo_sensors/prefix_override:/usr/lib/python3/dist-packages/colcon_core/task/python/colcon_distutils_commands:/home/marco/marco/uni/magistrale/IDS_project/ro2_ws/install/limo_sensors/lib/python3.10/site-packages:${PYTHONPATH} /usr/bin/python3 -W ignore:setup.py install is deprecated -W ignore:easy_install command is deprecated setup.py egg_info --egg-base ../../build/limo_sensors build --build-base /home/marco/marco/uni/magistrale/IDS_project/ro2_ws/build/limo_sensors/build install --record /home/marco/marco/uni/magistrale/IDS_project/ro2_ws/build/limo_sensors/install.log --single-version-externally-managed install_data
[1.474s] DEBUG:colcon.colcon_core.event_handler.log_command:Invoking command in '/home/marco/marco/uni/magistrale/IDS_project/ro2_ws/src/limo_gazebo': PYTHONPATH=/home/marco/marco/uni/magistrale/IDS_project/ro2_ws/build/limo_gazebo/prefix_override:/usr/lib/python3/dist-packages/colcon_core/task/python/colcon_distutils_commands:/home/marco/marco/uni/magistrale/IDS_project/ro2_ws/install/limo_gazebo/lib/python3.10/site-packages:${PYTHONPATH} /usr/bin/python3 -W ignore:setup.py install is deprecated -W ignore:easy_install command is deprecated setup.py egg_info --egg-base ../../build/limo_gazebo build --build-base /home/marco/marco/uni/magistrale/IDS_project/ro2_ws/build/limo_gazebo/build install --record /home/marco/marco/uni/magistrale/IDS_project/ro2_ws/build/limo_gazebo/install.log --single-version-externally-managed install_data
[1.580s] DEBUG:colcon.colcon_core.event_handler.log_command:Invoking command in '/home/marco/marco/uni/magistrale/IDS_project/ro2_ws/src/limo_control': PYTHONPATH=/home/marco/marco/uni/magistrale/IDS_project/ro2_ws/build/limo_control/prefix_override:/usr/lib/python3/dist-packages/colcon_core/task/python/colcon_distutils_commands:/home/marco/marco/uni/magistrale/IDS_project/ro2_ws/install/limo_control/lib/python3.10/site-packages:${PYTHONPATH} /usr/bin/python3 -W ignore:setup.py install is deprecated -W ignore:easy_install command is deprecated setup.py egg_info --egg-base ../../build/limo_control build --build-base /home/marco/marco/uni/magistrale/IDS_project/ro2_ws/build/limo_control/build install --record /home/marco/marco/uni/magistrale/IDS_project/ro2_ws/build/limo_control/install.log --single-version-externally-managed install_data
[1.643s] DEBUG:colcon.colcon_core.event_handler.log_command:Invoking command in '/home/marco/marco/uni/magistrale/IDS_project/ro2_ws/src/person_sim': PYTHONPATH=/home/marco/marco/uni/magistrale/IDS_project/ro2_ws/build/person_sim/prefix_override:/usr/lib/python3/dist-packages/colcon_core/task/python/colcon_distutils_commands:/home/marco/marco/uni/magistrale/IDS_project/ro2_ws/install/person_sim/lib/python3.10/site-packages:${PYTHONPATH} /usr/bin/python3 -W ignore:setup.py install is deprecated -W ignore:easy_install command is deprecated setup.py egg_info --egg-base ../../build/person_sim build --build-base /home/marco/marco/uni/magistrale/IDS_project/ro2_ws/build/person_sim/build install --record /home/marco/marco/uni/magistrale/IDS_project/ro2_ws/build/person_sim/install.log --single-version-externally-managed install_data
[1.758s] DEBUG:colcon.colcon_core.event_handler.log_command:Invoked command in '/home/marco/marco/uni/magistrale/IDS_project/ro2_ws/src/limo_description' returned '0': PYTHONPATH=/home/marco/marco/uni/magistrale/IDS_project/ro2_ws/build/limo_description/prefix_override:/usr/lib/python3/dist-packages/colcon_core/task/python/colcon_distutils_commands:/home/marco/marco/uni/magistrale/IDS_project/ro2_ws/install/limo_description/lib/python3.10/site-packages:${PYTHONPATH} /usr/bin/python3 -W ignore:setup.py install is deprecated -W ignore:easy_install command is deprecated setup.py egg_info --egg-base ../../build/limo_description build --build-base /home/marco/marco/uni/magistrale/IDS_project/ro2_ws/build/limo_description/build install --record /home/marco/marco/uni/magistrale/IDS_project/ro2_ws/build/limo_description/install.log --single-version-externally-managed install_data
[1.766s] Level 1:colcon.colcon_core.environment:checking '/home/marco/marco/uni/magistrale/IDS_project/ro2_ws/install/limo_description' for CMake module files
[1.767s] Level 1:colcon.colcon_core.environment:checking '/home/marco/marco/uni/magistrale/IDS_project/ro2_ws/install/limo_description' for CMake config files
[1.768s] Level 1:colcon.colcon_core.environment:checking '/home/marco/marco/uni/magistrale/IDS_project/ro2_ws/install/limo_description/lib'
[1.768s] Level 1:colcon.colcon_core.environment:checking '/home/marco/marco/uni/magistrale/IDS_project/ro2_ws/install/limo_description/bin'
[1.768s] Level 1:colcon.colcon_core.environment:checking '/home/marco/marco/uni/magistrale/IDS_project/ro2_ws/install/limo_description/lib/pkgconfig/limo_description.pc'
[1.768s] Level 1:colcon.colcon_core.environment:checking '/home/marco/marco/uni/magistrale/IDS_project/ro2_ws/install/limo_description/lib/python3.10/site-packages'
[1.769s] Level 1:colcon.colcon_core.shell:create_environment_hook('limo_description', 'pythonpath')
[1.769s] INFO:colcon.colcon_core.shell:Creating environment hook '/home/marco/marco/uni/magistrale/IDS_project/ro2_ws/install/limo_description/share/limo_description/hook/pythonpath.ps1'
[1.769s] INFO:colcon.colcon_core.shell:Creating environment descriptor '/home/marco/marco/uni/magistrale/IDS_project/ro2_ws/install/limo_description/share/limo_description/hook/pythonpath.dsv'
[1.770s] INFO:colcon.colcon_core.shell:Creating environment hook '/home/marco/marco/uni/magistrale/IDS_project/ro2_ws/install/limo_description/share/limo_description/hook/pythonpath.sh'
[1.771s] Level 1:colcon.colcon_core.environment:checking '/home/marco/marco/uni/magistrale/IDS_project/ro2_ws/install/limo_description/bin'
[1.771s] Level 1:colcon.colcon_core.environment:create_environment_scripts_only(limo_description)
[1.772s] INFO:colcon.colcon_core.shell:Creating package script '/home/marco/marco/uni/magistrale/IDS_project/ro2_ws/install/limo_description/share/limo_description/package.ps1'
[1.773s] INFO:colcon.colcon_core.shell:Creating package descriptor '/home/marco/marco/uni/magistrale/IDS_project/ro2_ws/install/limo_description/share/limo_description/package.dsv'
[1.774s] INFO:colcon.colcon_core.shell:Creating package script '/home/marco/marco/uni/magistrale/IDS_project/ro2_ws/install/limo_description/share/limo_description/package.sh'
[1.775s] INFO:colcon.colcon_core.shell:Creating package script '/home/marco/marco/uni/magistrale/IDS_project/ro2_ws/install/limo_description/share/limo_description/package.bash'
[1.776s] INFO:colcon.colcon_core.shell:Creating package script '/home/marco/marco/uni/magistrale/IDS_project/ro2_ws/install/limo_description/share/limo_description/package.zsh'
[1.777s] Level 1:colcon.colcon_core.environment:create_file_with_runtime_dependencies(/home/marco/marco/uni/magistrale/IDS_project/ro2_ws/install/limo_description/share/colcon-core/packages/limo_description)
[1.779s] Level 1:colcon.colcon_core.environment:checking '/home/marco/marco/uni/magistrale/IDS_project/ro2_ws/install/limo_sensors' for CMake module files
[1.780s] DEBUG:colcon.colcon_core.event_handler.log_command:Invoked command in '/home/marco/marco/uni/magistrale/IDS_project/ro2_ws/src/limo_sensors' returned '0': PYTHONPATH=/home/marco/marco/uni/magistrale/IDS_project/ro2_ws/build/limo_sensors/prefix_override:/usr/lib/python3/dist-packages/colcon_core/task/python/colcon_distutils_commands:/home/marco/marco/uni/magistrale/IDS_project/ro2_ws/install/limo_sensors/lib/python3.10/site-packages:${PYTHONPATH} /usr/bin/python3 -W ignore:setup.py install is deprecated -W ignore:easy_install command is deprecated setup.py egg_info --egg-base ../../build/limo_sensors build --build-base /home/marco/marco/uni/magistrale/IDS_project/ro2_ws/build/limo_sensors/build install --record /home/marco/marco/uni/magistrale/IDS_project/ro2_ws/build/limo_sensors/install.log --single-version-externally-managed install_data
[1.780s] Level 1:colcon.colcon_core.environment:checking '/home/marco/marco/uni/magistrale/IDS_project/ro2_ws/install/limo_sensors' for CMake config files
[1.781s] Level 1:colcon.colcon_core.environment:checking '/home/marco/marco/uni/magistrale/IDS_project/ro2_ws/install/limo_sensors/lib'
[1.781s] Level 1:colcon.colcon_core.environment:checking '/home/marco/marco/uni/magistrale/IDS_project/ro2_ws/install/limo_sensors/bin'
[1.781s] Level 1:colcon.colcon_core.environment:checking '/home/marco/marco/uni/magistrale/IDS_project/ro2_ws/install/limo_sensors/lib/pkgconfig/limo_sensors.pc'
[1.781s] Level 1:colcon.colcon_core.environment:checking '/home/marco/marco/uni/magistrale/IDS_project/ro2_ws/install/limo_sensors/lib/python3.10/site-packages'
[1.781s] Level 1:colcon.colcon_core.shell:create_environment_hook('limo_sensors', 'pythonpath')
[1.782s] INFO:colcon.colcon_core.shell:Creating environment hook '/home/marco/marco/uni/magistrale/IDS_project/ro2_ws/install/limo_sensors/share/limo_sensors/hook/pythonpath.ps1'
[1.782s] INFO:colcon.colcon_core.shell:Creating environment descriptor '/home/marco/marco/uni/magistrale/IDS_project/ro2_ws/install/limo_sensors/share/limo_sensors/hook/pythonpath.dsv'
[1.782s] INFO:colcon.colcon_core.shell:Creating environment hook '/home/marco/marco/uni/magistrale/IDS_project/ro2_ws/install/limo_sensors/share/limo_sensors/hook/pythonpath.sh'
[1.783s] Level 1:colcon.colcon_core.environment:checking '/home/marco/marco/uni/magistrale/IDS_project/ro2_ws/install/limo_sensors/bin'
[1.783s] Level 1:colcon.colcon_core.environment:create_environment_scripts_only(limo_sensors)
[1.784s] INFO:colcon.colcon_core.shell:Creating package script '/home/marco/marco/uni/magistrale/IDS_project/ro2_ws/install/limo_sensors/share/limo_sensors/package.ps1'
[1.785s] INFO:colcon.colcon_core.shell:Creating package descriptor '/home/marco/marco/uni/magistrale/IDS_project/ro2_ws/install/limo_sensors/share/limo_sensors/package.dsv'
[1.785s] INFO:colcon.colcon_core.shell:Creating package script '/home/marco/marco/uni/magistrale/IDS_project/ro2_ws/install/limo_sensors/share/limo_sensors/package.sh'
[1.786s] INFO:colcon.colcon_core.shell:Creating package script '/home/marco/marco/uni/magistrale/IDS_project/ro2_ws/install/limo_sensors/share/limo_sensors/package.bash'
[1.786s] INFO:colcon.colcon_core.shell:Creating package script '/home/marco/marco/uni/magistrale/IDS_project/ro2_ws/install/limo_sensors/share/limo_sensors/package.zsh'
[1.787s] Level 1:colcon.colcon_core.environment:create_file_with_runtime_dependencies(/home/marco/marco/uni/magistrale/IDS_project/ro2_ws/install/limo_sensors/share/colcon-core/packages/limo_sensors)
[1.814s] Level 1:colcon.colcon_core.environment:checking '/home/marco/marco/uni/magistrale/IDS_project/ro2_ws/install/limo_gazebo' for CMake module files
[1.814s] DEBUG:colcon.colcon_core.event_handler.log_command:Invoked command in '/home/marco/marco/uni/magistrale/IDS_project/ro2_ws/src/limo_gazebo' returned '0': PYTHONPATH=/home/marco/marco/uni/magistrale/IDS_project/ro2_ws/build/limo_gazebo/prefix_override:/usr/lib/python3/dist-packages/colcon_core/task/python/colcon_distutils_commands:/home/marco/marco/uni/magistrale/IDS_project/ro2_ws/install/limo_gazebo/lib/python3.10/site-packages:${PYTHONPATH} /usr/bin/python3 -W ignore:setup.py install is deprecated -W ignore:easy_install command is deprecated setup.py egg_info --egg-base ../../build/limo_gazebo build --build-base /home/marco/marco/uni/magistrale/IDS_project/ro2_ws/build/limo_gazebo/build install --record /home/marco/marco/uni/magistrale/IDS_project/ro2_ws/build/limo_gazebo/install.log --single-version-externally-managed install_data
[1.815s] Level 1:colcon.colcon_core.environment:checking '/home/marco/marco/uni/magistrale/IDS_project/ro2_ws/install/limo_gazebo' for CMake config files
[1.815s] Level 1:colcon.colcon_core.environment:checking '/home/marco/marco/uni/magistrale/IDS_project/ro2_ws/install/limo_gazebo/lib'
[1.815s] Level 1:colcon.colcon_core.environment:checking '/home/marco/marco/uni/magistrale/IDS_project/ro2_ws/install/limo_gazebo/bin'
[1.815s] Level 1:colcon.colcon_core.environment:checking '/home/marco/marco/uni/magistrale/IDS_project/ro2_ws/install/limo_gazebo/lib/pkgconfig/limo_gazebo.pc'
[1.816s] Level 1:colcon.colcon_core.environment:checking '/home/marco/marco/uni/magistrale/IDS_project/ro2_ws/install/limo_gazebo/lib/python3.10/site-packages'
[1.816s] Level 1:colcon.colcon_core.shell:create_environment_hook('limo_gazebo', 'pythonpath')
[1.816s] INFO:colcon.colcon_core.shell:Creating environment hook '/home/marco/marco/uni/magistrale/IDS_project/ro2_ws/install/limo_gazebo/share/limo_gazebo/hook/pythonpath.ps1'
[1.817s] INFO:colcon.colcon_core.shell:Creating environment descriptor '/home/marco/marco/uni/magistrale/IDS_project/ro2_ws/install/limo_gazebo/share/limo_gazebo/hook/pythonpath.dsv'
[1.817s] INFO:colcon.colcon_core.shell:Creating environment hook '/home/marco/marco/uni/magistrale/IDS_project/ro2_ws/install/limo_gazebo/share/limo_gazebo/hook/pythonpath.sh'
[1.818s] Level 1:colcon.colcon_core.environment:checking '/home/marco/marco/uni/magistrale/IDS_project/ro2_ws/install/limo_gazebo/bin'
[1.818s] Level 1:colcon.colcon_core.environment:create_environment_scripts_only(limo_gazebo)
[1.818s] INFO:colcon.colcon_core.shell:Creating package script '/home/marco/marco/uni/magistrale/IDS_project/ro2_ws/install/limo_gazebo/share/limo_gazebo/package.ps1'
[1.819s] INFO:colcon.colcon_core.shell:Creating package descriptor '/home/marco/marco/uni/magistrale/IDS_project/ro2_ws/install/limo_gazebo/share/limo_gazebo/package.dsv'
[1.819s] INFO:colcon.colcon_core.shell:Creating package script '/home/marco/marco/uni/magistrale/IDS_project/ro2_ws/install/limo_gazebo/share/limo_gazebo/package.sh'
[1.819s] INFO:colcon.colcon_core.shell:Creating package script '/home/marco/marco/uni/magistrale/IDS_project/ro2_ws/install/limo_gazebo/share/limo_gazebo/package.bash'
[1.820s] INFO:colcon.colcon_core.shell:Creating package script '/home/marco/marco/uni/magistrale/IDS_project/ro2_ws/install/limo_gazebo/share/limo_gazebo/package.zsh'
[1.820s] Level 1:colcon.colcon_core.environment:create_file_with_runtime_dependencies(/home/marco/marco/uni/magistrale/IDS_project/ro2_ws/install/limo_gazebo/share/colcon-core/packages/limo_gazebo)
[1.907s] Level 1:colcon.colcon_core.environment:checking '/home/marco/marco/uni/magistrale/IDS_project/ro2_ws/install/limo_control' for CMake module files
[1.908s] DEBUG:colcon.colcon_core.event_handler.log_command:Invoked command in '/home/marco/marco/uni/magistrale/IDS_project/ro2_ws/src/limo_control' returned '0': PYTHONPATH=/home/marco/marco/uni/magistrale/IDS_project/ro2_ws/build/limo_control/prefix_override:/usr/lib/python3/dist-packages/colcon_core/task/python/colcon_distutils_commands:/home/marco/marco/uni/magistrale/IDS_project/ro2_ws/install/limo_control/lib/python3.10/site-packages:${PYTHONPATH} /usr/bin/python3 -W ignore:setup.py install is deprecated -W ignore:easy_install command is deprecated setup.py egg_info --egg-base ../../build/limo_control build --build-base /home/marco/marco/uni/magistrale/IDS_project/ro2_ws/build/limo_control/build install --record /home/marco/marco/uni/magistrale/IDS_project/ro2_ws/build/limo_control/install.log --single-version-externally-managed install_data
[1.908s] Level 1:colcon.colcon_core.environment:checking '/home/marco/marco/uni/magistrale/IDS_project/ro2_ws/install/limo_control' for CMake config files
[1.908s] Level 1:colcon.colcon_core.environment:checking '/home/marco/marco/uni/magistrale/IDS_project/ro2_ws/install/limo_control/lib'
[1.908s] Level 1:colcon.colcon_core.environment:checking '/home/marco/marco/uni/magistrale/IDS_project/ro2_ws/install/limo_control/bin'
[1.909s] Level 1:colcon.colcon_core.environment:checking '/home/marco/marco/uni/magistrale/IDS_project/ro2_ws/install/limo_control/lib/pkgconfig/limo_control.pc'
[1.909s] Level 1:colcon.colcon_core.environment:checking '/home/marco/marco/uni/magistrale/IDS_project/ro2_ws/install/limo_control/lib/python3.10/site-packages'
[1.909s] Level 1:colcon.colcon_core.shell:create_environment_hook('limo_control', 'pythonpath')
[1.909s] INFO:colcon.colcon_core.shell:Creating environment hook '/home/marco/marco/uni/magistrale/IDS_project/ro2_ws/install/limo_control/share/limo_control/hook/pythonpath.ps1'
[1.910s] INFO:colcon.colcon_core.shell:Creating environment descriptor '/home/marco/marco/uni/magistrale/IDS_project/ro2_ws/install/limo_control/share/limo_control/hook/pythonpath.dsv'
[1.910s] INFO:colcon.colcon_core.shell:Creating environment hook '/home/marco/marco/uni/magistrale/IDS_project/ro2_ws/install/limo_control/share/limo_control/hook/pythonpath.sh'
[1.911s] Level 1:colcon.colcon_core.environment:checking '/home/marco/marco/uni/magistrale/IDS_project/ro2_ws/install/limo_control/bin'
[1.911s] Level 1:colcon.colcon_core.environment:create_environment_scripts_only(limo_control)
[1.911s] INFO:colcon.colcon_core.shell:Creating package script '/home/marco/marco/uni/magistrale/IDS_project/ro2_ws/install/limo_control/share/limo_control/package.ps1'
[1.911s] INFO:colcon.colcon_core.shell:Creating package descriptor '/home/marco/marco/uni/magistrale/IDS_project/ro2_ws/install/limo_control/share/limo_control/package.dsv'
[1.912s] INFO:colcon.colcon_core.shell:Creating package script '/home/marco/marco/uni/magistrale/IDS_project/ro2_ws/install/limo_control/share/limo_control/package.sh'
[1.912s] INFO:colcon.colcon_core.shell:Creating package script '/home/marco/marco/uni/magistrale/IDS_project/ro2_ws/install/limo_control/share/limo_control/package.bash'
[1.912s] INFO:colcon.colcon_core.shell:Creating package script '/home/marco/marco/uni/magistrale/IDS_project/ro2_ws/install/limo_control/share/limo_control/package.zsh'
[1.913s] Level 1:colcon.colcon_core.environment:create_file_with_runtime_dependencies(/home/marco/marco/uni/magistrale/IDS_project/ro2_ws/install/limo_control/share/colcon-core/packages/limo_control)
[1.962s] Level 1:colcon.colcon_core.environment:checking '/home/marco/marco/uni/magistrale/IDS_project/ro2_ws/install/person_sim' for CMake module files
[1.963s] DEBUG:colcon.colcon_core.event_handler.log_command:Invoked command in '/home/marco/marco/uni/magistrale/IDS_project/ro2_ws/src/person_sim' returned '0': PYTHONPATH=/home/marco/marco/uni/magistrale/IDS_project/ro2_ws/build/person_sim/prefix_override:/usr/lib/python3/dist-packages/colcon_core/task/python/colcon_distutils_commands:/home/marco/marco/uni/magistrale/IDS_project/ro2_ws/install/person_sim/lib/python3.10/site-packages:${PYTHONPATH} /usr/bin/python3 -W ignore:setup.py install is deprecated -W ignore:easy_install command is deprecated setup.py egg_info --egg-base ../../build/person_sim build --build-base /home/marco/marco/uni/magistrale/IDS_project/ro2_ws/build/person_sim/build install --record /home/marco/marco/uni/magistrale/IDS_project/ro2_ws/build/person_sim/install.log --single-version-externally-managed install_data
[1.963s] Level 1:colcon.colcon_core.environment:checking '/home/marco/marco/uni/magistrale/IDS_project/ro2_ws/install/person_sim' for CMake config files
[1.964s] Level 1:colcon.colcon_core.environment:checking '/home/marco/marco/uni/magistrale/IDS_project/ro2_ws/install/person_sim/lib'
[1.964s] Level 1:colcon.colcon_core.environment:checking '/home/marco/marco/uni/magistrale/IDS_project/ro2_ws/install/person_sim/bin'
[1.964s] Level 1:colcon.colcon_core.environment:checking '/home/marco/marco/uni/magistrale/IDS_project/ro2_ws/install/person_sim/lib/pkgconfig/person_sim.pc'
[1.964s] Level 1:colcon.colcon_core.environment:checking '/home/marco/marco/uni/magistrale/IDS_project/ro2_ws/install/person_sim/lib/python3.10/site-packages'
[1.964s] Level 1:colcon.colcon_core.shell:create_environment_hook('person_sim', 'pythonpath')
[1.964s] INFO:colcon.colcon_core.shell:Creating environment hook '/home/marco/marco/uni/magistrale/IDS_project/ro2_ws/install/person_sim/share/person_sim/hook/pythonpath.ps1'
[1.965s] INFO:colcon.colcon_core.shell:Creating environment descriptor '/home/marco/marco/uni/magistrale/IDS_project/ro2_ws/install/person_sim/share/person_sim/hook/pythonpath.dsv'
[1.965s] INFO:colcon.colcon_core.shell:Creating environment hook '/home/marco/marco/uni/magistrale/IDS_project/ro2_ws/install/person_sim/share/person_sim/hook/pythonpath.sh'
[1.966s] Level 1:colcon.colcon_core.environment:checking '/home/marco/marco/uni/magistrale/IDS_project/ro2_ws/install/person_sim/bin'
[1.966s] Level 1:colcon.colcon_core.environment:create_environment_scripts_only(person_sim)
[1.966s] INFO:colcon.colcon_core.shell:Creating package script '/home/marco/marco/uni/magistrale/IDS_project/ro2_ws/install/person_sim/share/person_sim/package.ps1'
[1.966s] INFO:colcon.colcon_core.shell:Creating package descriptor '/home/marco/marco/uni/magistrale/IDS_project/ro2_ws/install/person_sim/share/person_sim/package.dsv'
[1.967s] INFO:colcon.colcon_core.shell:Creating package script '/home/marco/marco/uni/magistrale/IDS_project/ro2_ws/install/person_sim/share/person_sim/package.sh'
[1.967s] INFO:colcon.colcon_core.shell:Creating package script '/home/marco/marco/uni/magistrale/IDS_project/ro2_ws/install/person_sim/share/person_sim/package.bash'
[1.967s] INFO:colcon.colcon_core.shell:Creating package script '/home/marco/marco/uni/magistrale/IDS_project/ro2_ws/install/person_sim/share/person_sim/package.zsh'
[1.968s] Level 1:colcon.colcon_core.environment:create_file_with_runtime_dependencies(/home/marco/marco/uni/magistrale/IDS_project/ro2_ws/install/person_sim/share/colcon-core/packages/person_sim)
[1.968s] DEBUG:colcon.colcon_parallel_executor.executor.parallel:closing loop
[1.968s] DEBUG:colcon.colcon_parallel_executor.executor.parallel:loop closed
[1.969s] DEBUG:colcon.colcon_parallel_executor.executor.parallel:run_until_complete finished with '0'
[1.969s] DEBUG:colcon.colcon_core.event_reactor:joining thread
[1.974s] INFO:colcon.colcon_core.plugin_system:Skipping extension 'colcon_notification.desktop_notification.terminal_notifier': Not used on non-Darwin systems
[1.974s] INFO:colcon.colcon_core.plugin_system:Skipping extension 'colcon_notification.desktop_notification.win32': Not used on non-Windows systems
[1.974s] INFO:colcon.colcon_notification.desktop_notification:Sending desktop notification using 'notify2'
[1.985s] DEBUG:colcon.colcon_core.event_reactor:joined thread
[1.986s] INFO:colcon.colcon_core.shell:Creating prefix script '/home/marco/marco/uni/magistrale/IDS_project/ro2_ws/install/local_setup.ps1'
[1.988s] INFO:colcon.colcon_core.shell:Creating prefix util module '/home/marco/marco/uni/magistrale/IDS_project/ro2_ws/install/_local_setup_util_ps1.py'
[1.991s] INFO:colcon.colcon_core.shell:Creating prefix chain script '/home/marco/marco/uni/magistrale/IDS_project/ro2_ws/install/setup.ps1'
[1.993s] INFO:colcon.colcon_core.shell:Creating prefix script '/home/marco/marco/uni/magistrale/IDS_project/ro2_ws/install/local_setup.sh'
[1.994s] INFO:colcon.colcon_core.shell:Creating prefix util module '/home/marco/marco/uni/magistrale/IDS_project/ro2_ws/install/_local_setup_util_sh.py'
[1.995s] INFO:colcon.colcon_core.shell:Creating prefix chain script '/home/marco/marco/uni/magistrale/IDS_project/ro2_ws/install/setup.sh'
[1.997s] INFO:colcon.colcon_core.shell:Creating prefix script '/home/marco/marco/uni/magistrale/IDS_project/ro2_ws/install/local_setup.bash'
[1.998s] INFO:colcon.colcon_core.shell:Creating prefix chain script '/home/marco/marco/uni/magistrale/IDS_project/ro2_ws/install/setup.bash'
[1.999s] INFO:colcon.colcon_core.shell:Creating prefix script '/home/marco/marco/uni/magistrale/IDS_project/ro2_ws/install/local_setup.zsh'
[2.000s] INFO:colcon.colcon_core.shell:Creating prefix chain script '/home/marco/marco/uni/magistrale/IDS_project/ro2_ws/install/setup.zsh'
