[1.004s] Invoking command in '/home/marco/marco/uni/magistrale/IDS_project/ro2_ws/src/limo_description': PYTHONPATH=/home/marco/marco/uni/magistrale/IDS_project/ro2_ws/build/limo_description/prefix_override:/usr/lib/python3/dist-packages/colcon_core/task/python/colcon_distutils_commands:/home/marco/marco/uni/magistrale/IDS_project/ro2_ws/install/limo_description/lib/python3.10/site-packages:${PYTHONPATH} /usr/bin/python3 -W ignore:setup.py install is deprecated -W ignore:easy_install command is deprecated setup.py egg_info --egg-base ../../build/limo_description build --build-base /home/marco/marco/uni/magistrale/IDS_project/ro2_ws/build/limo_description/build install --record /home/marco/marco/uni/magistrale/IDS_project/ro2_ws/build/limo_description/install.log --single-version-externally-managed install_data
[1.163s] running egg_info
[1.163s] writing ../../build/limo_description/limo_description.egg-info/PKG-INFO
[1.164s] writing dependency_links to ../../build/limo_description/limo_description.egg-info/dependency_links.txt
[1.164s] writing entry points to ../../build/limo_description/limo_description.egg-info/entry_points.txt
[1.164s] writing requirements to ../../build/limo_description/limo_description.egg-info/requires.txt
[1.164s] writing top-level names to ../../build/limo_description/limo_description.egg-info/top_level.txt
[1.166s] reading manifest file '../../build/limo_description/limo_description.egg-info/SOURCES.txt'
[1.167s] writing manifest file '../../build/limo_description/limo_description.egg-info/SOURCES.txt'
[1.167s] running build
[1.169s] running build_py
[1.169s] running install
[1.169s] running install_lib
[1.169s] running install_data
[1.169s] running install_egg_info
[1.169s] removing '/home/marco/marco/uni/magistrale/IDS_project/ro2_ws/install/limo_description/lib/python3.10/site-packages/limo_description-0.0.0-py3.10.egg-info' (and everything under it)
[1.170s] Copying ../../build/limo_description/limo_description.egg-info to /home/marco/marco/uni/magistrale/IDS_project/ro2_ws/install/limo_description/lib/python3.10/site-packages/limo_description-0.0.0-py3.10.egg-info
[1.170s] running install_scripts
[1.184s] writing list of installed files to '/home/marco/marco/uni/magistrale/IDS_project/ro2_ws/build/limo_description/install.log'
[1.209s] Invoked command in '/home/marco/marco/uni/magistrale/IDS_project/ro2_ws/src/limo_description' returned '0': PYTHONPATH=/home/marco/marco/uni/magistrale/IDS_project/ro2_ws/build/limo_description/prefix_override:/usr/lib/python3/dist-packages/colcon_core/task/python/colcon_distutils_commands:/home/marco/marco/uni/magistrale/IDS_project/ro2_ws/install/limo_description/lib/python3.10/site-packages:${PYTHONPATH} /usr/bin/python3 -W ignore:setup.py install is deprecated -W ignore:easy_install command is deprecated setup.py egg_info --egg-base ../../build/limo_description build --build-base /home/marco/marco/uni/magistrale/IDS_project/ro2_ws/build/limo_description/build install --record /home/marco/marco/uni/magistrale/IDS_project/ro2_ws/build/limo_description/install.log --single-version-externally-managed install_data
