[1.237s] Invoking command in '/home/marco/marco/uni/magistrale/IDS_project/ro2_ws/src/limo_sensors': PYTHONPATH=/home/marco/marco/uni/magistrale/IDS_project/ro2_ws/build/limo_sensors/prefix_override:/usr/lib/python3/dist-packages/colcon_core/task/python/colcon_distutils_commands:/home/marco/marco/uni/magistrale/IDS_project/ro2_ws/install/limo_sensors/lib/python3.10/site-packages:${PYTHONPATH} /usr/bin/python3 -W ignore:setup.py install is deprecated -W ignore:easy_install command is deprecated setup.py egg_info --egg-base ../../build/limo_sensors build --build-base /home/marco/marco/uni/magistrale/IDS_project/ro2_ws/build/limo_sensors/build install --record /home/marco/marco/uni/magistrale/IDS_project/ro2_ws/build/limo_sensors/install.log --single-version-externally-managed install_data
[1.462s] running egg_info
[1.463s] writing ../../build/limo_sensors/limo_sensors.egg-info/PKG-INFO
[1.463s] writing dependency_links to ../../build/limo_sensors/limo_sensors.egg-info/dependency_links.txt
[1.463s] writing entry points to ../../build/limo_sensors/limo_sensors.egg-info/entry_points.txt
[1.464s] writing requirements to ../../build/limo_sensors/limo_sensors.egg-info/requires.txt
[1.464s] writing top-level names to ../../build/limo_sensors/limo_sensors.egg-info/top_level.txt
[1.466s] reading manifest file '../../build/limo_sensors/limo_sensors.egg-info/SOURCES.txt'
[1.469s] writing manifest file '../../build/limo_sensors/limo_sensors.egg-info/SOURCES.txt'
[1.469s] running build
[1.469s] running build_py
[1.470s] running install
[1.470s] running install_lib
[1.471s] running install_data
[1.471s] running install_egg_info
[1.474s] removing '/home/marco/marco/uni/magistrale/IDS_project/ro2_ws/install/limo_sensors/lib/python3.10/site-packages/limo_sensors-0.0.0-py3.10.egg-info' (and everything under it)
[1.474s] Copying ../../build/limo_sensors/limo_sensors.egg-info to /home/marco/marco/uni/magistrale/IDS_project/ro2_ws/install/limo_sensors/lib/python3.10/site-packages/limo_sensors-0.0.0-py3.10.egg-info
[1.475s] running install_scripts
[1.507s] writing list of installed files to '/home/marco/marco/uni/magistrale/IDS_project/ro2_ws/build/limo_sensors/install.log'
[1.546s] Invoked command in '/home/marco/marco/uni/magistrale/IDS_project/ro2_ws/src/limo_sensors' returned '0': PYTHONPATH=/home/marco/marco/uni/magistrale/IDS_project/ro2_ws/build/limo_sensors/prefix_override:/usr/lib/python3/dist-packages/colcon_core/task/python/colcon_distutils_commands:/home/marco/marco/uni/magistrale/IDS_project/ro2_ws/install/limo_sensors/lib/python3.10/site-packages:${PYTHONPATH} /usr/bin/python3 -W ignore:setup.py install is deprecated -W ignore:easy_install command is deprecated setup.py egg_info --egg-base ../../build/limo_sensors build --build-base /home/marco/marco/uni/magistrale/IDS_project/ro2_ws/build/limo_sensors/build install --record /home/marco/marco/uni/magistrale/IDS_project/ro2_ws/build/limo_sensors/install.log --single-version-externally-managed install_data
