[0.997s] Invoking command in '/home/marco/marco/uni/magistrale/IDS_project/ro2_ws/src/limo_control': PYTHONPATH=/home/marco/marco/uni/magistrale/IDS_project/ro2_ws/build/limo_control/prefix_override:/usr/lib/python3/dist-packages/colcon_core/task/python/colcon_distutils_commands:/home/marco/marco/uni/magistrale/IDS_project/ro2_ws/install/limo_control/lib/python3.10/site-packages:${PYTHONPATH} /usr/bin/python3 -W ignore:setup.py install is deprecated -W ignore:easy_install command is deprecated setup.py egg_info --egg-base ../../build/limo_control build --build-base /home/marco/marco/uni/magistrale/IDS_project/ro2_ws/build/limo_control/build install --record /home/marco/marco/uni/magistrale/IDS_project/ro2_ws/build/limo_control/install.log --single-version-externally-managed install_data
[1.157s] running egg_info
[1.158s] writing ../../build/limo_control/limo_control.egg-info/PKG-INFO
[1.158s] writing dependency_links to ../../build/limo_control/limo_control.egg-info/dependency_links.txt
[1.158s] writing entry points to ../../build/limo_control/limo_control.egg-info/entry_points.txt
[1.158s] writing requirements to ../../build/limo_control/limo_control.egg-info/requires.txt
[1.158s] writing top-level names to ../../build/limo_control/limo_control.egg-info/top_level.txt
[1.159s] reading manifest file '../../build/limo_control/limo_control.egg-info/SOURCES.txt'
[1.160s] writing manifest file '../../build/limo_control/limo_control.egg-info/SOURCES.txt'
[1.160s] running build
[1.160s] running build_py
[1.160s] copying limo_control/EKF.py -> /home/marco/marco/uni/magistrale/IDS_project/ro2_ws/build/limo_control/build/lib/limo_control
[1.161s] running install
[1.161s] running install_lib
[1.161s] copying /home/marco/marco/uni/magistrale/IDS_project/ro2_ws/build/limo_control/build/lib/limo_control/EKF.py -> /home/marco/marco/uni/magistrale/IDS_project/ro2_ws/install/limo_control/lib/python3.10/site-packages/limo_control
[1.162s] byte-compiling /home/marco/marco/uni/magistrale/IDS_project/ro2_ws/install/limo_control/lib/python3.10/site-packages/limo_control/EKF.py to EKF.cpython-310.pyc
[1.163s] running install_data
[1.163s] running install_egg_info
[1.165s] removing '/home/marco/marco/uni/magistrale/IDS_project/ro2_ws/install/limo_control/lib/python3.10/site-packages/limo_control-0.0.0-py3.10.egg-info' (and everything under it)
[1.165s] Copying ../../build/limo_control/limo_control.egg-info to /home/marco/marco/uni/magistrale/IDS_project/ro2_ws/install/limo_control/lib/python3.10/site-packages/limo_control-0.0.0-py3.10.egg-info
[1.165s] running install_scripts
[1.179s] writing list of installed files to '/home/marco/marco/uni/magistrale/IDS_project/ro2_ws/build/limo_control/install.log'
[1.199s] Invoked command in '/home/marco/marco/uni/magistrale/IDS_project/ro2_ws/src/limo_control' returned '0': PYTHONPATH=/home/marco/marco/uni/magistrale/IDS_project/ro2_ws/build/limo_control/prefix_override:/usr/lib/python3/dist-packages/colcon_core/task/python/colcon_distutils_commands:/home/marco/marco/uni/magistrale/IDS_project/ro2_ws/install/limo_control/lib/python3.10/site-packages:${PYTHONPATH} /usr/bin/python3 -W ignore:setup.py install is deprecated -W ignore:easy_install command is deprecated setup.py egg_info --egg-base ../../build/limo_control build --build-base /home/marco/marco/uni/magistrale/IDS_project/ro2_ws/build/limo_control/build install --record /home/marco/marco/uni/magistrale/IDS_project/ro2_ws/build/limo_control/install.log --single-version-externally-managed install_data
