[1.314s] Invoking command in '/home/marco/marco/uni/magistrale/IDS_project/ro2_ws/src/person_sim': PYTHONPATH=/home/marco/marco/uni/magistrale/IDS_project/ro2_ws/build/person_sim/prefix_override:/usr/lib/python3/dist-packages/colcon_core/task/python/colcon_distutils_commands:/home/marco/marco/uni/magistrale/IDS_project/ro2_ws/install/person_sim/lib/python3.10/site-packages:${PYTHONPATH} /usr/bin/python3 -W ignore:setup.py install is deprecated -W ignore:easy_install command is deprecated setup.py egg_info --egg-base ../../build/person_sim build --build-base /home/marco/marco/uni/magistrale/IDS_project/ro2_ws/build/person_sim/build install --record /home/marco/marco/uni/magistrale/IDS_project/ro2_ws/build/person_sim/install.log --single-version-externally-managed install_data
[1.560s] running egg_info
[1.561s] writing ../../build/person_sim/person_sim.egg-info/PKG-INFO
[1.561s] writing dependency_links to ../../build/person_sim/person_sim.egg-info/dependency_links.txt
[1.561s] writing entry points to ../../build/person_sim/person_sim.egg-info/entry_points.txt
[1.561s] writing requirements to ../../build/person_sim/person_sim.egg-info/requires.txt
[1.562s] writing top-level names to ../../build/person_sim/person_sim.egg-info/top_level.txt
[1.563s] reading manifest file '../../build/person_sim/person_sim.egg-info/SOURCES.txt'
[1.564s] writing manifest file '../../build/person_sim/person_sim.egg-info/SOURCES.txt'
[1.564s] running build
[1.564s] running build_py
[1.564s] running install
[1.565s] running install_lib
[1.566s] running install_data
[1.566s] running install_egg_info
[1.568s] removing '/home/marco/marco/uni/magistrale/IDS_project/ro2_ws/install/person_sim/lib/python3.10/site-packages/person_sim-0.0.0-py3.10.egg-info' (and everything under it)
[1.569s] Copying ../../build/person_sim/person_sim.egg-info to /home/marco/marco/uni/magistrale/IDS_project/ro2_ws/install/person_sim/lib/python3.10/site-packages/person_sim-0.0.0-py3.10.egg-info
[1.569s] running install_scripts
[1.588s] Installing person_sim_node script to /home/marco/marco/uni/magistrale/IDS_project/ro2_ws/install/person_sim/lib/person_sim
[1.589s] writing list of installed files to '/home/marco/marco/uni/magistrale/IDS_project/ro2_ws/build/person_sim/install.log'
[1.623s] Invoked command in '/home/marco/marco/uni/magistrale/IDS_project/ro2_ws/src/person_sim' returned '0': PYTHONPATH=/home/marco/marco/uni/magistrale/IDS_project/ro2_ws/build/person_sim/prefix_override:/usr/lib/python3/dist-packages/colcon_core/task/python/colcon_distutils_commands:/home/marco/marco/uni/magistrale/IDS_project/ro2_ws/install/person_sim/lib/python3.10/site-packages:${PYTHONPATH} /usr/bin/python3 -W ignore:setup.py install is deprecated -W ignore:easy_install command is deprecated setup.py egg_info --egg-base ../../build/person_sim build --build-base /home/marco/marco/uni/magistrale/IDS_project/ro2_ws/build/person_sim/build install --record /home/marco/marco/uni/magistrale/IDS_project/ro2_ws/build/person_sim/install.log --single-version-externally-managed install_data
