running egg_info
writing ../../build/limo_control/limo_control.egg-info/PKG-INFO
writing dependency_links to ../../build/limo_control/limo_control.egg-info/dependency_links.txt
writing entry points to ../../build/limo_control/limo_control.egg-info/entry_points.txt
writing requirements to ../../build/limo_control/limo_control.egg-info/requires.txt
writing top-level names to ../../build/limo_control/limo_control.egg-info/top_level.txt
reading manifest file '../../build/limo_control/limo_control.egg-info/SOURCES.txt'
writing manifest file '../../build/limo_control/limo_control.egg-info/SOURCES.txt'
running build
running build_py
running install
running install_lib
creating /home/federico/IDS_project/ro2_ws/install/limo_control/lib/python3.12/site-packages/limo_control
copying /home/federico/IDS_project/ro2_ws/build/limo_control/build/lib/limo_control/__init__.py -> /home/federico/IDS_project/ro2_ws/install/limo_control/lib/python3.12/site-packages/limo_control
copying /home/federico/IDS_project/ro2_ws/build/limo_control/build/lib/limo_control/EKF.py -> /home/federico/IDS_project/ro2_ws/install/limo_control/lib/python3.12/site-packages/limo_control
copying /home/federico/IDS_project/ro2_ws/build/limo_control/build/lib/limo_control/MPC_node.py -> /home/federico/IDS_project/ro2_ws/install/limo_control/lib/python3.12/site-packages/limo_control
copying /home/federico/IDS_project/ro2_ws/build/limo_control/build/lib/limo_control/EKF_node.py -> /home/federico/IDS_project/ro2_ws/install/limo_control/lib/python3.12/site-packages/limo_control
byte-compiling /home/federico/IDS_project/ro2_ws/install/limo_control/lib/python3.12/site-packages/limo_control/__init__.py to __init__.cpython-312.pyc
byte-compiling /home/federico/IDS_project/ro2_ws/install/limo_control/lib/python3.12/site-packages/limo_control/EKF.py to EKF.cpython-312.pyc
byte-compiling /home/federico/IDS_project/ro2_ws/install/limo_control/lib/python3.12/site-packages/limo_control/MPC_node.py to MPC_node.cpython-312.pyc
byte-compiling /home/federico/IDS_project/ro2_ws/install/limo_control/lib/python3.12/site-packages/limo_control/EKF_node.py to EKF_node.cpython-312.pyc
running install_data
copying package.xml -> /home/federico/IDS_project/ro2_ws/install/limo_control/share/limo_control
running install_egg_info
Copying ../../build/limo_control/limo_control.egg-info to /home/federico/IDS_project/ro2_ws/install/limo_control/lib/python3.12/site-packages/limo_control-0.0.0-py3.12.egg-info
running install_scripts
Installing EKF_node script to /home/federico/IDS_project/ro2_ws/install/limo_control/lib/limo_control
Installing MPC_node script to /home/federico/IDS_project/ro2_ws/install/limo_control/lib/limo_control
writing list of installed files to '/home/federico/IDS_project/ro2_ws/build/limo_control/install.log'
