running egg_info
creating ../build/person_sim/person_sim.egg-info
writing ../build/person_sim/person_sim.egg-info/PKG-INFO
writing dependency_links to ../build/person_sim/person_sim.egg-info/dependency_links.txt
writing entry points to ../build/person_sim/person_sim.egg-info/entry_points.txt
writing requirements to ../build/person_sim/person_sim.egg-info/requires.txt
writing top-level names to ../build/person_sim/person_sim.egg-info/top_level.txt
writing manifest file '../build/person_sim/person_sim.egg-info/SOURCES.txt'
reading manifest file '../build/person_sim/person_sim.egg-info/SOURCES.txt'
writing manifest file '../build/person_sim/person_sim.egg-info/SOURCES.txt'
running build
running build_py
creating /home/marco/marco/uni/magistrale/IDS_project/ro2_ws/src/build/person_sim/build
creating /home/marco/marco/uni/magistrale/IDS_project/ro2_ws/src/build/person_sim/build/lib
creating /home/marco/marco/uni/magistrale/IDS_project/ro2_ws/src/build/person_sim/build/lib/person_sim
copying person_sim/person_sim_node.py -> /home/marco/marco/uni/magistrale/IDS_project/ro2_ws/src/build/person_sim/build/lib/person_sim
copying person_sim/__init__.py -> /home/marco/marco/uni/magistrale/IDS_project/ro2_ws/src/build/person_sim/build/lib/person_sim
running install
running install_lib
creating /home/marco/marco/uni/magistrale/IDS_project/ro2_ws/src/install/person_sim/lib/python3.10/site-packages/person_sim
copying /home/marco/marco/uni/magistrale/IDS_project/ro2_ws/src/build/person_sim/build/lib/person_sim/person_sim_node.py -> /home/marco/marco/uni/magistrale/IDS_project/ro2_ws/src/install/person_sim/lib/python3.10/site-packages/person_sim
copying /home/marco/marco/uni/magistrale/IDS_project/ro2_ws/src/build/person_sim/build/lib/person_sim/__init__.py -> /home/marco/marco/uni/magistrale/IDS_project/ro2_ws/src/install/person_sim/lib/python3.10/site-packages/person_sim
byte-compiling /home/marco/marco/uni/magistrale/IDS_project/ro2_ws/src/install/person_sim/lib/python3.10/site-packages/person_sim/person_sim_node.py to person_sim_node.cpython-310.pyc
byte-compiling /home/marco/marco/uni/magistrale/IDS_project/ro2_ws/src/install/person_sim/lib/python3.10/site-packages/person_sim/__init__.py to __init__.cpython-310.pyc
running install_data
creating /home/marco/marco/uni/magistrale/IDS_project/ro2_ws/src/install/person_sim/share/ament_index
creating /home/marco/marco/uni/magistrale/IDS_project/ro2_ws/src/install/person_sim/share/ament_index/resource_index
creating /home/marco/marco/uni/magistrale/IDS_project/ro2_ws/src/install/person_sim/share/ament_index/resource_index/packages
copying resource/person_sim -> /home/marco/marco/uni/magistrale/IDS_project/ro2_ws/src/install/person_sim/share/ament_index/resource_index/packages
copying package.xml -> /home/marco/marco/uni/magistrale/IDS_project/ro2_ws/src/install/person_sim/share/person_sim
running install_egg_info
Copying ../build/person_sim/person_sim.egg-info to /home/marco/marco/uni/magistrale/IDS_project/ro2_ws/src/install/person_sim/lib/python3.10/site-packages/person_sim-0.0.0-py3.10.egg-info
running install_scripts
Installing person_sim_node script to /home/marco/marco/uni/magistrale/IDS_project/ro2_ws/src/install/person_sim/lib/person_sim
writing list of installed files to '/home/marco/marco/uni/magistrale/IDS_project/ro2_ws/src/build/person_sim/install.log'
