[0.341s] Invoking command in '/home/marco/marco/uni/magistrale/IDS_project/ro2_ws/src/person_sim': PYTHONPATH=/home/marco/marco/uni/magistrale/IDS_project/ro2_ws/src/build/person_sim/prefix_override:/usr/lib/python3/dist-packages/colcon_core/task/python/colcon_distutils_commands:/home/marco/marco/uni/magistrale/IDS_project/ro2_ws/src/install/person_sim/lib/python3.10/site-packages:${PYTHONPATH} /usr/bin/python3 -W ignore:setup.py install is deprecated -W ignore:easy_install command is deprecated setup.py egg_info --egg-base ../build/person_sim build --build-base /home/marco/marco/uni/magistrale/IDS_project/ro2_ws/src/build/person_sim/build install --record /home/marco/marco/uni/magistrale/IDS_project/ro2_ws/src/build/person_sim/install.log --single-version-externally-managed install_data
[0.478s] running egg_info
[0.478s] creating ../build/person_sim/person_sim.egg-info
[0.478s] writing ../build/person_sim/person_sim.egg-info/PKG-INFO
[0.479s] writing dependency_links to ../build/person_sim/person_sim.egg-info/dependency_links.txt
[0.479s] writing entry points to ../build/person_sim/person_sim.egg-info/entry_points.txt
[0.479s] writing requirements to ../build/person_sim/person_sim.egg-info/requires.txt
[0.479s] writing top-level names to ../build/person_sim/person_sim.egg-info/top_level.txt
[0.479s] writing manifest file '../build/person_sim/person_sim.egg-info/SOURCES.txt'
[0.480s] reading manifest file '../build/person_sim/person_sim.egg-info/SOURCES.txt'
[0.481s] writing manifest file '../build/person_sim/person_sim.egg-info/SOURCES.txt'
[0.481s] running build
[0.481s] running build_py
[0.481s] creating /home/marco/marco/uni/magistrale/IDS_project/ro2_ws/src/build/person_sim/build
[0.481s] creating /home/marco/marco/uni/magistrale/IDS_project/ro2_ws/src/build/person_sim/build/lib
[0.481s] creating /home/marco/marco/uni/magistrale/IDS_project/ro2_ws/src/build/person_sim/build/lib/person_sim
[0.481s] copying person_sim/person_sim_node.py -> /home/marco/marco/uni/magistrale/IDS_project/ro2_ws/src/build/person_sim/build/lib/person_sim
[0.481s] copying person_sim/__init__.py -> /home/marco/marco/uni/magistrale/IDS_project/ro2_ws/src/build/person_sim/build/lib/person_sim
[0.481s] running install
[0.481s] running install_lib
[0.482s] creating /home/marco/marco/uni/magistrale/IDS_project/ro2_ws/src/install/person_sim/lib/python3.10/site-packages/person_sim
[0.482s] copying /home/marco/marco/uni/magistrale/IDS_project/ro2_ws/src/build/person_sim/build/lib/person_sim/person_sim_node.py -> /home/marco/marco/uni/magistrale/IDS_project/ro2_ws/src/install/person_sim/lib/python3.10/site-packages/person_sim
[0.482s] copying /home/marco/marco/uni/magistrale/IDS_project/ro2_ws/src/build/person_sim/build/lib/person_sim/__init__.py -> /home/marco/marco/uni/magistrale/IDS_project/ro2_ws/src/install/person_sim/lib/python3.10/site-packages/person_sim
[0.482s] byte-compiling /home/marco/marco/uni/magistrale/IDS_project/ro2_ws/src/install/person_sim/lib/python3.10/site-packages/person_sim/person_sim_node.py to person_sim_node.cpython-310.pyc
[0.482s] byte-compiling /home/marco/marco/uni/magistrale/IDS_project/ro2_ws/src/install/person_sim/lib/python3.10/site-packages/person_sim/__init__.py to __init__.cpython-310.pyc
[0.483s] running install_data
[0.483s] creating /home/marco/marco/uni/magistrale/IDS_project/ro2_ws/src/install/person_sim/share/ament_index
[0.483s] creating /home/marco/marco/uni/magistrale/IDS_project/ro2_ws/src/install/person_sim/share/ament_index/resource_index
[0.483s] creating /home/marco/marco/uni/magistrale/IDS_project/ro2_ws/src/install/person_sim/share/ament_index/resource_index/packages
[0.483s] copying resource/person_sim -> /home/marco/marco/uni/magistrale/IDS_project/ro2_ws/src/install/person_sim/share/ament_index/resource_index/packages
[0.483s] copying package.xml -> /home/marco/marco/uni/magistrale/IDS_project/ro2_ws/src/install/person_sim/share/person_sim
[0.483s] running install_egg_info
[0.484s] Copying ../build/person_sim/person_sim.egg-info to /home/marco/marco/uni/magistrale/IDS_project/ro2_ws/src/install/person_sim/lib/python3.10/site-packages/person_sim-0.0.0-py3.10.egg-info
[0.485s] running install_scripts
[0.497s] Installing person_sim_node script to /home/marco/marco/uni/magistrale/IDS_project/ro2_ws/src/install/person_sim/lib/person_sim
[0.497s] writing list of installed files to '/home/marco/marco/uni/magistrale/IDS_project/ro2_ws/src/build/person_sim/install.log'
[0.512s] Invoked command in '/home/marco/marco/uni/magistrale/IDS_project/ro2_ws/src/person_sim' returned '0': PYTHONPATH=/home/marco/marco/uni/magistrale/IDS_project/ro2_ws/src/build/person_sim/prefix_override:/usr/lib/python3/dist-packages/colcon_core/task/python/colcon_distutils_commands:/home/marco/marco/uni/magistrale/IDS_project/ro2_ws/src/install/person_sim/lib/python3.10/site-packages:${PYTHONPATH} /usr/bin/python3 -W ignore:setup.py install is deprecated -W ignore:easy_install command is deprecated setup.py egg_info --egg-base ../build/person_sim build --build-base /home/marco/marco/uni/magistrale/IDS_project/ro2_ws/src/build/person_sim/build install --record /home/marco/marco/uni/magistrale/IDS_project/ro2_ws/src/build/person_sim/install.log --single-version-externally-managed install_data
