[1.065s] Invoking command in '/home/marco/marco/uni/magistrale/IDS_project/ro2_ws/src/limo_control': PYTHONPATH=/home/marco/marco/uni/magistrale/IDS_project/ro2_ws/build/limo_control/prefix_override:/usr/lib/python3/dist-packages/colcon_core/task/python/colcon_distutils_commands:/home/marco/marco/uni/magistrale/IDS_project/ro2_ws/install/limo_control/lib/python3.10/site-packages:${PYTHONPATH} /usr/bin/python3 -W ignore:setup.py install is deprecated -W ignore:easy_install command is deprecated setup.py egg_info --egg-base ../../build/limo_control build --build-base /home/marco/marco/uni/magistrale/IDS_project/ro2_ws/build/limo_control/build install --record /home/marco/marco/uni/magistrale/IDS_project/ro2_ws/build/limo_control/install.log --single-version-externally-managed install_data
[1.224s] running egg_info
[1.225s] writing ../../build/limo_control/limo_control.egg-info/PKG-INFO
[1.225s] writing dependency_links to ../../build/limo_control/limo_control.egg-info/dependency_links.txt
[1.225s] writing entry points to ../../build/limo_control/limo_control.egg-info/entry_points.txt
[1.225s] writing requirements to ../../build/limo_control/limo_control.egg-info/requires.txt
[1.225s] writing top-level names to ../../build/limo_control/limo_control.egg-info/top_level.txt
[1.226s] reading manifest file '../../build/limo_control/limo_control.egg-info/SOURCES.txt'
[1.227s] writing manifest file '../../build/limo_control/limo_control.egg-info/SOURCES.txt'
[1.227s] running build
[1.227s] running build_py
[1.227s] copying limo_control/EKF_node.py -> /home/marco/marco/uni/magistrale/IDS_project/ro2_ws/build/limo_control/build/lib/limo_control
[1.227s] copying limo_control/MPC_node.py -> /home/marco/marco/uni/magistrale/IDS_project/ro2_ws/build/limo_control/build/lib/limo_control
[1.228s] running install
[1.228s] running install_lib
[1.228s] copying /home/marco/marco/uni/magistrale/IDS_project/ro2_ws/build/limo_control/build/lib/limo_control/EKF_node.py -> /home/marco/marco/uni/magistrale/IDS_project/ro2_ws/install/limo_control/lib/python3.10/site-packages/limo_control
[1.229s] copying /home/marco/marco/uni/magistrale/IDS_project/ro2_ws/build/limo_control/build/lib/limo_control/MPC_node.py -> /home/marco/marco/uni/magistrale/IDS_project/ro2_ws/install/limo_control/lib/python3.10/site-packages/limo_control
[1.233s] byte-compiling /home/marco/marco/uni/magistrale/IDS_project/ro2_ws/install/limo_control/lib/python3.10/site-packages/limo_control/EKF_node.py to EKF_node.cpython-310.pyc
[1.233s] byte-compiling /home/marco/marco/uni/magistrale/IDS_project/ro2_ws/install/limo_control/lib/python3.10/site-packages/limo_control/MPC_node.py to MPC_node.cpython-310.pyc
[1.234s] running install_data
[1.234s] running install_egg_info
[1.235s] removing '/home/marco/marco/uni/magistrale/IDS_project/ro2_ws/install/limo_control/lib/python3.10/site-packages/limo_control-0.0.0-py3.10.egg-info' (and everything under it)
[1.236s] Copying ../../build/limo_control/limo_control.egg-info to /home/marco/marco/uni/magistrale/IDS_project/ro2_ws/install/limo_control/lib/python3.10/site-packages/limo_control-0.0.0-py3.10.egg-info
[1.236s] running install_scripts
[1.251s] Installing EKF_node script to /home/marco/marco/uni/magistrale/IDS_project/ro2_ws/install/limo_control/lib/limo_control
[1.251s] Installing MPC_node script to /home/marco/marco/uni/magistrale/IDS_project/ro2_ws/install/limo_control/lib/limo_control
[1.251s] writing list of installed files to '/home/marco/marco/uni/magistrale/IDS_project/ro2_ws/build/limo_control/install.log'
[1.271s] Invoked command in '/home/marco/marco/uni/magistrale/IDS_project/ro2_ws/src/limo_control' returned '0': PYTHONPATH=/home/marco/marco/uni/magistrale/IDS_project/ro2_ws/build/limo_control/prefix_override:/usr/lib/python3/dist-packages/colcon_core/task/python/colcon_distutils_commands:/home/marco/marco/uni/magistrale/IDS_project/ro2_ws/install/limo_control/lib/python3.10/site-packages:${PYTHONPATH} /usr/bin/python3 -W ignore:setup.py install is deprecated -W ignore:easy_install command is deprecated setup.py egg_info --egg-base ../../build/limo_control build --build-base /home/marco/marco/uni/magistrale/IDS_project/ro2_ws/build/limo_control/build install --record /home/marco/marco/uni/magistrale/IDS_project/ro2_ws/build/limo_control/install.log --single-version-externally-managed install_data
