[0.365s] Invoking command in '/home/marco/marco/uni/magistrale/IDS_project/ro2_ws/src/person_sim': PYTHONPATH=/home/marco/marco/uni/magistrale/IDS_project/ro2_ws/build/person_sim/prefix_override:/usr/lib/python3/dist-packages/colcon_core/task/python/colcon_distutils_commands:/home/marco/marco/uni/magistrale/IDS_project/ro2_ws/install/person_sim/lib/python3.10/site-packages:${PYTHONPATH} /usr/bin/python3 -W ignore:setup.py install is deprecated -W ignore:easy_install command is deprecated setup.py egg_info --egg-base ../../build/person_sim build --build-base /home/marco/marco/uni/magistrale/IDS_project/ro2_ws/build/person_sim/build install --record /home/marco/marco/uni/magistrale/IDS_project/ro2_ws/build/person_sim/install.log --single-version-externally-managed install_data
[0.497s] running egg_info
[0.498s] creating ../../build/person_sim/person_sim.egg-info
[0.498s] writing ../../build/person_sim/person_sim.egg-info/PKG-INFO
[0.498s] writing dependency_links to ../../build/person_sim/person_sim.egg-info/dependency_links.txt
[0.498s] writing entry points to ../../build/person_sim/person_sim.egg-info/entry_points.txt
[0.498s] writing requirements to ../../build/person_sim/person_sim.egg-info/requires.txt
[0.498s] writing top-level names to ../../build/person_sim/person_sim.egg-info/top_level.txt
[0.498s] writing manifest file '../../build/person_sim/person_sim.egg-info/SOURCES.txt'
[0.499s] reading manifest file '../../build/person_sim/person_sim.egg-info/SOURCES.txt'
[0.499s] writing manifest file '../../build/person_sim/person_sim.egg-info/SOURCES.txt'
[0.499s] running build
[0.500s] running build_py
[0.500s] creating /home/marco/marco/uni/magistrale/IDS_project/ro2_ws/build/person_sim/build
[0.500s] creating /home/marco/marco/uni/magistrale/IDS_project/ro2_ws/build/person_sim/build/lib
[0.500s] creating /home/marco/marco/uni/magistrale/IDS_project/ro2_ws/build/person_sim/build/lib/person_sim
[0.500s] copying person_sim/person_sim_node.py -> /home/marco/marco/uni/magistrale/IDS_project/ro2_ws/build/person_sim/build/lib/person_sim
[0.500s] copying person_sim/__init__.py -> /home/marco/marco/uni/magistrale/IDS_project/ro2_ws/build/person_sim/build/lib/person_sim
[0.500s] running install
[0.500s] running install_lib
[0.500s] creating /home/marco/marco/uni/magistrale/IDS_project/ro2_ws/install/person_sim/lib/python3.10/site-packages/person_sim
[0.501s] copying /home/marco/marco/uni/magistrale/IDS_project/ro2_ws/build/person_sim/build/lib/person_sim/person_sim_node.py -> /home/marco/marco/uni/magistrale/IDS_project/ro2_ws/install/person_sim/lib/python3.10/site-packages/person_sim
[0.501s] copying /home/marco/marco/uni/magistrale/IDS_project/ro2_ws/build/person_sim/build/lib/person_sim/__init__.py -> /home/marco/marco/uni/magistrale/IDS_project/ro2_ws/install/person_sim/lib/python3.10/site-packages/person_sim
[0.501s] byte-compiling /home/marco/marco/uni/magistrale/IDS_project/ro2_ws/install/person_sim/lib/python3.10/site-packages/person_sim/person_sim_node.py to person_sim_node.cpython-310.pyc
[0.501s] byte-compiling /home/marco/marco/uni/magistrale/IDS_project/ro2_ws/install/person_sim/lib/python3.10/site-packages/person_sim/__init__.py to __init__.cpython-310.pyc
[0.501s] running install_data
[0.501s] creating /home/marco/marco/uni/magistrale/IDS_project/ro2_ws/install/person_sim/share/ament_index
[0.501s] creating /home/marco/marco/uni/magistrale/IDS_project/ro2_ws/install/person_sim/share/ament_index/resource_index
[0.502s] creating /home/marco/marco/uni/magistrale/IDS_project/ro2_ws/install/person_sim/share/ament_index/resource_index/packages
[0.502s] copying resource/person_sim -> /home/marco/marco/uni/magistrale/IDS_project/ro2_ws/install/person_sim/share/ament_index/resource_index/packages
[0.502s] copying package.xml -> /home/marco/marco/uni/magistrale/IDS_project/ro2_ws/install/person_sim/share/person_sim
[0.502s] running install_egg_info
[0.503s] Copying ../../build/person_sim/person_sim.egg-info to /home/marco/marco/uni/magistrale/IDS_project/ro2_ws/install/person_sim/lib/python3.10/site-packages/person_sim-0.0.0-py3.10.egg-info
[0.504s] running install_scripts
[0.515s] Installing person_sim_node script to /home/marco/marco/uni/magistrale/IDS_project/ro2_ws/install/person_sim/lib/person_sim
[0.516s] writing list of installed files to '/home/marco/marco/uni/magistrale/IDS_project/ro2_ws/build/person_sim/install.log'
[0.532s] Invoked command in '/home/marco/marco/uni/magistrale/IDS_project/ro2_ws/src/person_sim' returned '0': PYTHONPATH=/home/marco/marco/uni/magistrale/IDS_project/ro2_ws/build/person_sim/prefix_override:/usr/lib/python3/dist-packages/colcon_core/task/python/colcon_distutils_commands:/home/marco/marco/uni/magistrale/IDS_project/ro2_ws/install/person_sim/lib/python3.10/site-packages:${PYTHONPATH} /usr/bin/python3 -W ignore:setup.py install is deprecated -W ignore:easy_install command is deprecated setup.py egg_info --egg-base ../../build/person_sim build --build-base /home/marco/marco/uni/magistrale/IDS_project/ro2_ws/build/person_sim/build install --record /home/marco/marco/uni/magistrale/IDS_project/ro2_ws/build/person_sim/install.log --single-version-externally-managed install_data
