running egg_info
creating ../../build/limo_control/limo_control.egg-info
writing ../../build/limo_control/limo_control.egg-info/PKG-INFO
writing dependency_links to ../../build/limo_control/limo_control.egg-info/dependency_links.txt
writing entry points to ../../build/limo_control/limo_control.egg-info/entry_points.txt
writing requirements to ../../build/limo_control/limo_control.egg-info/requires.txt
writing top-level names to ../../build/limo_control/limo_control.egg-info/top_level.txt
writing manifest file '../../build/limo_control/limo_control.egg-info/SOURCES.txt'
reading manifest file '../../build/limo_control/limo_control.egg-info/SOURCES.txt'
writing manifest file '../../build/limo_control/limo_control.egg-info/SOURCES.txt'
running build
running build_py
creating /home/marco/marco/uni/magistrale/IDS_project/ro2_ws/build/limo_control/build
creating /home/marco/marco/uni/magistrale/IDS_project/ro2_ws/build/limo_control/build/lib
creating /home/marco/marco/uni/magistrale/IDS_project/ro2_ws/build/limo_control/build/lib/limo_control
copying limo_control/__init__.py -> /home/marco/marco/uni/magistrale/IDS_project/ro2_ws/build/limo_control/build/lib/limo_control
running install
running install_lib
creating /home/marco/marco/uni/magistrale/IDS_project/ro2_ws/install/limo_control/lib/python3.10/site-packages/limo_control
copying /home/marco/marco/uni/magistrale/IDS_project/ro2_ws/build/limo_control/build/lib/limo_control/__init__.py -> /home/marco/marco/uni/magistrale/IDS_project/ro2_ws/install/limo_control/lib/python3.10/site-packages/limo_control
byte-compiling /home/marco/marco/uni/magistrale/IDS_project/ro2_ws/install/limo_control/lib/python3.10/site-packages/limo_control/__init__.py to __init__.cpython-310.pyc
running install_data
creating /home/marco/marco/uni/magistrale/IDS_project/ro2_ws/install/limo_control/share/ament_index
creating /home/marco/marco/uni/magistrale/IDS_project/ro2_ws/install/limo_control/share/ament_index/resource_index
creating /home/marco/marco/uni/magistrale/IDS_project/ro2_ws/install/limo_control/share/ament_index/resource_index/packages
copying resource/limo_control -> /home/marco/marco/uni/magistrale/IDS_project/ro2_ws/install/limo_control/share/ament_index/resource_index/packages
copying package.xml -> /home/marco/marco/uni/magistrale/IDS_project/ro2_ws/install/limo_control/share/limo_control
running install_egg_info
Copying ../../build/limo_control/limo_control.egg-info to /home/marco/marco/uni/magistrale/IDS_project/ro2_ws/install/limo_control/lib/python3.10/site-packages/limo_control-0.0.0-py3.10.egg-info
running install_scripts
writing list of installed files to '/home/marco/marco/uni/magistrale/IDS_project/ro2_ws/build/limo_control/install.log'
