[1.025s] Invoking command in '/home/marco/marco/uni/magistrale/IDS_project/ro2_ws/src/limo_gazebo': PYTHONPATH=/home/marco/marco/uni/magistrale/IDS_project/ro2_ws/build/limo_gazebo/prefix_override:/usr/lib/python3/dist-packages/colcon_core/task/python/colcon_distutils_commands:/home/marco/marco/uni/magistrale/IDS_project/ro2_ws/install/limo_gazebo/lib/python3.10/site-packages:${PYTHONPATH} /usr/bin/python3 -W ignore:setup.py install is deprecated -W ignore:easy_install command is deprecated setup.py egg_info --egg-base ../../build/limo_gazebo build --build-base /home/marco/marco/uni/magistrale/IDS_project/ro2_ws/build/limo_gazebo/build install --record /home/marco/marco/uni/magistrale/IDS_project/ro2_ws/build/limo_gazebo/install.log --single-version-externally-managed install_data
[1.180s] running egg_info
[1.180s] writing ../../build/limo_gazebo/limo_gazebo.egg-info/PKG-INFO
[1.180s] writing dependency_links to ../../build/limo_gazebo/limo_gazebo.egg-info/dependency_links.txt
[1.180s] writing entry points to ../../build/limo_gazebo/limo_gazebo.egg-info/entry_points.txt
[1.180s] writing requirements to ../../build/limo_gazebo/limo_gazebo.egg-info/requires.txt
[1.180s] writing top-level names to ../../build/limo_gazebo/limo_gazebo.egg-info/top_level.txt
[1.181s] reading manifest file '../../build/limo_gazebo/limo_gazebo.egg-info/SOURCES.txt'
[1.183s] writing manifest file '../../build/limo_gazebo/limo_gazebo.egg-info/SOURCES.txt'
[1.183s] running build
[1.184s] running build_py
[1.184s] running install
[1.184s] running install_lib
[1.184s] running install_data
[1.184s] running install_egg_info
[1.186s] removing '/home/marco/marco/uni/magistrale/IDS_project/ro2_ws/install/limo_gazebo/lib/python3.10/site-packages/limo_gazebo-0.0.0-py3.10.egg-info' (and everything under it)
[1.187s] Copying ../../build/limo_gazebo/limo_gazebo.egg-info to /home/marco/marco/uni/magistrale/IDS_project/ro2_ws/install/limo_gazebo/lib/python3.10/site-packages/limo_gazebo-0.0.0-py3.10.egg-info
[1.187s] running install_scripts
[1.200s] writing list of installed files to '/home/marco/marco/uni/magistrale/IDS_project/ro2_ws/build/limo_gazebo/install.log'
[1.234s] Invoked command in '/home/marco/marco/uni/magistrale/IDS_project/ro2_ws/src/limo_gazebo' returned '0': PYTHONPATH=/home/marco/marco/uni/magistrale/IDS_project/ro2_ws/build/limo_gazebo/prefix_override:/usr/lib/python3/dist-packages/colcon_core/task/python/colcon_distutils_commands:/home/marco/marco/uni/magistrale/IDS_project/ro2_ws/install/limo_gazebo/lib/python3.10/site-packages:${PYTHONPATH} /usr/bin/python3 -W ignore:setup.py install is deprecated -W ignore:easy_install command is deprecated setup.py egg_info --egg-base ../../build/limo_gazebo build --build-base /home/marco/marco/uni/magistrale/IDS_project/ro2_ws/build/limo_gazebo/build install --record /home/marco/marco/uni/magistrale/IDS_project/ro2_ws/build/limo_gazebo/install.log --single-version-externally-managed install_data
