running egg_info
writing ../../build/person_sim/person_sim.egg-info/PKG-INFO
writing dependency_links to ../../build/person_sim/person_sim.egg-info/dependency_links.txt
writing entry points to ../../build/person_sim/person_sim.egg-info/entry_points.txt
writing requirements to ../../build/person_sim/person_sim.egg-info/requires.txt
writing top-level names to ../../build/person_sim/person_sim.egg-info/top_level.txt
reading manifest file '../../build/person_sim/person_sim.egg-info/SOURCES.txt'
writing manifest file '../../build/person_sim/person_sim.egg-info/SOURCES.txt'
running build
running build_py
running install
running install_lib
creating /home/federico/IDS_project/ro2_ws/install/person_sim/lib/python3.12/site-packages/person_sim
copying /home/federico/IDS_project/ro2_ws/build/person_sim/build/lib/person_sim/__init__.py -> /home/federico/IDS_project/ro2_ws/install/person_sim/lib/python3.12/site-packages/person_sim
copying /home/federico/IDS_project/ro2_ws/build/person_sim/build/lib/person_sim/person_sim_node.py -> /home/federico/IDS_project/ro2_ws/install/person_sim/lib/python3.12/site-packages/person_sim
byte-compiling /home/federico/IDS_project/ro2_ws/install/person_sim/lib/python3.12/site-packages/person_sim/__init__.py to __init__.cpython-312.pyc
byte-compiling /home/federico/IDS_project/ro2_ws/install/person_sim/lib/python3.12/site-packages/person_sim/person_sim_node.py to person_sim_node.cpython-312.pyc
running install_data
running install_egg_info
Copying ../../build/person_sim/person_sim.egg-info to /home/federico/IDS_project/ro2_ws/install/person_sim/lib/python3.12/site-packages/person_sim-0.0.0-py3.12.egg-info
running install_scripts
Installing person_sim_node script to /home/federico/IDS_project/ro2_ws/install/person_sim/lib/person_sim
writing list of installed files to '/home/federico/IDS_project/ro2_ws/build/person_sim/install.log'
