[3.970s] Invoking command in '/home/federico/IDS_project/ro2_ws/src/person_sim': DEBUGINFOD_URLS=https://debuginfod.ubuntu.com PYTHONPATH=/home/federico/IDS_project/ro2_ws/build/person_sim/prefix_override:/usr/lib/python3/dist-packages/colcon_core/task/python/colcon_distutils_commands:/home/federico/IDS_project/ro2_ws/install/person_sim/lib/python3.12/site-packages:${PYTHONPATH} /usr/bin/python3 -W ignore:setup.py install is deprecated -W ignore:easy_install command is deprecated setup.py egg_info --egg-base ../../build/person_sim build --build-base /home/federico/IDS_project/ro2_ws/build/person_sim/build install --record /home/federico/IDS_project/ro2_ws/build/person_sim/install.log --single-version-externally-managed install_data
[4.653s] running egg_info
[4.711s] writing ../../build/person_sim/person_sim.egg-info/PKG-INFO
[4.711s] writing dependency_links to ../../build/person_sim/person_sim.egg-info/dependency_links.txt
[4.713s] writing entry points to ../../build/person_sim/person_sim.egg-info/entry_points.txt
[4.714s] writing requirements to ../../build/person_sim/person_sim.egg-info/requires.txt
[4.714s] writing top-level names to ../../build/person_sim/person_sim.egg-info/top_level.txt
[4.845s] reading manifest file '../../build/person_sim/person_sim.egg-info/SOURCES.txt'
[4.847s] writing manifest file '../../build/person_sim/person_sim.egg-info/SOURCES.txt'
[4.848s] running build
[4.848s] running build_py
[4.849s] running install
[4.862s] running install_lib
[4.991s] creating /home/federico/IDS_project/ro2_ws/install/person_sim/lib/python3.12/site-packages/person_sim
[4.991s] copying /home/federico/IDS_project/ro2_ws/build/person_sim/build/lib/person_sim/__init__.py -> /home/federico/IDS_project/ro2_ws/install/person_sim/lib/python3.12/site-packages/person_sim
[4.991s] copying /home/federico/IDS_project/ro2_ws/build/person_sim/build/lib/person_sim/person_sim_node.py -> /home/federico/IDS_project/ro2_ws/install/person_sim/lib/python3.12/site-packages/person_sim
[4.999s] byte-compiling /home/federico/IDS_project/ro2_ws/install/person_sim/lib/python3.12/site-packages/person_sim/__init__.py to __init__.cpython-312.pyc
[4.999s] byte-compiling /home/federico/IDS_project/ro2_ws/install/person_sim/lib/python3.12/site-packages/person_sim/person_sim_node.py to person_sim_node.cpython-312.pyc
[4.999s] running install_data
[5.000s] running install_egg_info
[5.115s] Copying ../../build/person_sim/person_sim.egg-info to /home/federico/IDS_project/ro2_ws/install/person_sim/lib/python3.12/site-packages/person_sim-0.0.0-py3.12.egg-info
[5.119s] running install_scripts
[5.483s] Installing person_sim_node script to /home/federico/IDS_project/ro2_ws/install/person_sim/lib/person_sim
[5.485s] writing list of installed files to '/home/federico/IDS_project/ro2_ws/build/person_sim/install.log'
[5.581s] Invoked command in '/home/federico/IDS_project/ro2_ws/src/person_sim' returned '0': DEBUGINFOD_URLS=https://debuginfod.ubuntu.com PYTHONPATH=/home/federico/IDS_project/ro2_ws/build/person_sim/prefix_override:/usr/lib/python3/dist-packages/colcon_core/task/python/colcon_distutils_commands:/home/federico/IDS_project/ro2_ws/install/person_sim/lib/python3.12/site-packages:${PYTHONPATH} /usr/bin/python3 -W ignore:setup.py install is deprecated -W ignore:easy_install command is deprecated setup.py egg_info --egg-base ../../build/person_sim build --build-base /home/federico/IDS_project/ro2_ws/build/person_sim/build install --record /home/federico/IDS_project/ro2_ws/build/person_sim/install.log --single-version-externally-managed install_data
