[1.273s] Invoking command in '/home/marco/marco/uni/magistrale/IDS_project/ro2_ws/src/limo_control': PYTHONPATH=/home/marco/marco/uni/magistrale/IDS_project/ro2_ws/build/limo_control/prefix_override:/usr/lib/python3/dist-packages/colcon_core/task/python/colcon_distutils_commands:/home/marco/marco/uni/magistrale/IDS_project/ro2_ws/install/limo_control/lib/python3.10/site-packages:${PYTHONPATH} /usr/bin/python3 -W ignore:setup.py install is deprecated -W ignore:easy_install command is deprecated setup.py egg_info --egg-base ../../build/limo_control build --build-base /home/marco/marco/uni/magistrale/IDS_project/ro2_ws/build/limo_control/build install --record /home/marco/marco/uni/magistrale/IDS_project/ro2_ws/build/limo_control/install.log --single-version-externally-managed install_data
[1.500s] running egg_info
[1.501s] writing ../../build/limo_control/limo_control.egg-info/PKG-INFO
[1.501s] writing dependency_links to ../../build/limo_control/limo_control.egg-info/dependency_links.txt
[1.501s] writing entry points to ../../build/limo_control/limo_control.egg-info/entry_points.txt
[1.502s] writing requirements to ../../build/limo_control/limo_control.egg-info/requires.txt
[1.502s] writing top-level names to ../../build/limo_control/limo_control.egg-info/top_level.txt
[1.503s] reading manifest file '../../build/limo_control/limo_control.egg-info/SOURCES.txt'
[1.504s] writing manifest file '../../build/limo_control/limo_control.egg-info/SOURCES.txt'
[1.504s] running build
[1.504s] running build_py
[1.505s] copying limo_control/MPC_node.py -> /home/marco/marco/uni/magistrale/IDS_project/ro2_ws/build/limo_control/build/lib/limo_control
[1.505s] running install
[1.505s] running install_lib
[1.506s] copying /home/marco/marco/uni/magistrale/IDS_project/ro2_ws/build/limo_control/build/lib/limo_control/MPC_node.py -> /home/marco/marco/uni/magistrale/IDS_project/ro2_ws/install/limo_control/lib/python3.10/site-packages/limo_control
[1.506s] byte-compiling /home/marco/marco/uni/magistrale/IDS_project/ro2_ws/install/limo_control/lib/python3.10/site-packages/limo_control/MPC_node.py to MPC_node.cpython-310.pyc
[1.508s] running install_data
[1.508s] running install_egg_info
[1.510s] removing '/home/marco/marco/uni/magistrale/IDS_project/ro2_ws/install/limo_control/lib/python3.10/site-packages/limo_control-0.0.0-py3.10.egg-info' (and everything under it)
[1.510s] Copying ../../build/limo_control/limo_control.egg-info to /home/marco/marco/uni/magistrale/IDS_project/ro2_ws/install/limo_control/lib/python3.10/site-packages/limo_control-0.0.0-py3.10.egg-info
[1.511s] running install_scripts
[1.533s] Installing EKF_node script to /home/marco/marco/uni/magistrale/IDS_project/ro2_ws/install/limo_control/lib/limo_control
[1.533s] Installing MPC_node script to /home/marco/marco/uni/magistrale/IDS_project/ro2_ws/install/limo_control/lib/limo_control
[1.534s] writing list of installed files to '/home/marco/marco/uni/magistrale/IDS_project/ro2_ws/build/limo_control/install.log'
[1.562s] Invoked command in '/home/marco/marco/uni/magistrale/IDS_project/ro2_ws/src/limo_control' returned '0': PYTHONPATH=/home/marco/marco/uni/magistrale/IDS_project/ro2_ws/build/limo_control/prefix_override:/usr/lib/python3/dist-packages/colcon_core/task/python/colcon_distutils_commands:/home/marco/marco/uni/magistrale/IDS_project/ro2_ws/install/limo_control/lib/python3.10/site-packages:${PYTHONPATH} /usr/bin/python3 -W ignore:setup.py install is deprecated -W ignore:easy_install command is deprecated setup.py egg_info --egg-base ../../build/limo_control build --build-base /home/marco/marco/uni/magistrale/IDS_project/ro2_ws/build/limo_control/build install --record /home/marco/marco/uni/magistrale/IDS_project/ro2_ws/build/limo_control/install.log --single-version-externally-managed install_data
