[1.212s] Invoking command in '/home/marco/marco/uni/magistrale/IDS_project/ro2_ws/src/limo_description': PYTHONPATH=/home/marco/marco/uni/magistrale/IDS_project/ro2_ws/build/limo_description/prefix_override:/usr/lib/python3/dist-packages/colcon_core/task/python/colcon_distutils_commands:/home/marco/marco/uni/magistrale/IDS_project/ro2_ws/install/limo_description/lib/python3.10/site-packages:${PYTHONPATH} /usr/bin/python3 -W ignore:setup.py install is deprecated -W ignore:easy_install command is deprecated setup.py egg_info --egg-base ../../build/limo_description build --build-base /home/marco/marco/uni/magistrale/IDS_project/ro2_ws/build/limo_description/build install --record /home/marco/marco/uni/magistrale/IDS_project/ro2_ws/build/limo_description/install.log --single-version-externally-managed install_data
[1.446s] running egg_info
[1.446s] creating ../../build/limo_description/limo_description.egg-info
[1.446s] writing ../../build/limo_description/limo_description.egg-info/PKG-INFO
[1.446s] writing dependency_links to ../../build/limo_description/limo_description.egg-info/dependency_links.txt
[1.446s] writing entry points to ../../build/limo_description/limo_description.egg-info/entry_points.txt
[1.446s] writing requirements to ../../build/limo_description/limo_description.egg-info/requires.txt
[1.446s] writing top-level names to ../../build/limo_description/limo_description.egg-info/top_level.txt
[1.447s] writing manifest file '../../build/limo_description/limo_description.egg-info/SOURCES.txt'
[1.448s] reading manifest file '../../build/limo_description/limo_description.egg-info/SOURCES.txt'
[1.449s] writing manifest file '../../build/limo_description/limo_description.egg-info/SOURCES.txt'
[1.449s] running build
[1.449s] running build_py
[1.449s] creating /home/marco/marco/uni/magistrale/IDS_project/ro2_ws/build/limo_description/build
[1.449s] creating /home/marco/marco/uni/magistrale/IDS_project/ro2_ws/build/limo_description/build/lib
[1.449s] creating /home/marco/marco/uni/magistrale/IDS_project/ro2_ws/build/limo_description/build/lib/limo_description
[1.449s] copying limo_description/__init__.py -> /home/marco/marco/uni/magistrale/IDS_project/ro2_ws/build/limo_description/build/lib/limo_description
[1.450s] running install
[1.450s] running install_lib
[1.450s] creating /home/marco/marco/uni/magistrale/IDS_project/ro2_ws/install/limo_description/lib/python3.10/site-packages/limo_description
[1.451s] copying /home/marco/marco/uni/magistrale/IDS_project/ro2_ws/build/limo_description/build/lib/limo_description/__init__.py -> /home/marco/marco/uni/magistrale/IDS_project/ro2_ws/install/limo_description/lib/python3.10/site-packages/limo_description
[1.451s] byte-compiling /home/marco/marco/uni/magistrale/IDS_project/ro2_ws/install/limo_description/lib/python3.10/site-packages/limo_description/__init__.py to __init__.cpython-310.pyc
[1.451s] running install_data
[1.451s] creating /home/marco/marco/uni/magistrale/IDS_project/ro2_ws/install/limo_description/share/ament_index
[1.452s] creating /home/marco/marco/uni/magistrale/IDS_project/ro2_ws/install/limo_description/share/ament_index/resource_index
[1.452s] creating /home/marco/marco/uni/magistrale/IDS_project/ro2_ws/install/limo_description/share/ament_index/resource_index/packages
[1.452s] copying resource/limo_description -> /home/marco/marco/uni/magistrale/IDS_project/ro2_ws/install/limo_description/share/ament_index/resource_index/packages
[1.452s] copying package.xml -> /home/marco/marco/uni/magistrale/IDS_project/ro2_ws/install/limo_description/share/limo_description
[1.452s] running install_egg_info
[1.455s] Copying ../../build/limo_description/limo_description.egg-info to /home/marco/marco/uni/magistrale/IDS_project/ro2_ws/install/limo_description/lib/python3.10/site-packages/limo_description-0.0.0-py3.10.egg-info
[1.455s] running install_scripts
[1.474s] writing list of installed files to '/home/marco/marco/uni/magistrale/IDS_project/ro2_ws/build/limo_description/install.log'
[1.500s] Invoked command in '/home/marco/marco/uni/magistrale/IDS_project/ro2_ws/src/limo_description' returned '0': PYTHONPATH=/home/marco/marco/uni/magistrale/IDS_project/ro2_ws/build/limo_description/prefix_override:/usr/lib/python3/dist-packages/colcon_core/task/python/colcon_distutils_commands:/home/marco/marco/uni/magistrale/IDS_project/ro2_ws/install/limo_description/lib/python3.10/site-packages:${PYTHONPATH} /usr/bin/python3 -W ignore:setup.py install is deprecated -W ignore:easy_install command is deprecated setup.py egg_info --egg-base ../../build/limo_description build --build-base /home/marco/marco/uni/magistrale/IDS_project/ro2_ws/build/limo_description/build install --record /home/marco/marco/uni/magistrale/IDS_project/ro2_ws/build/limo_description/install.log --single-version-externally-managed install_data
