[0.823s] DEBUG:colcon:Command line arguments: ['/usr/bin/colcon', 'build']
[0.823s] DEBUG:colcon:Parsed command line arguments: Namespace(log_base=None, log_level=None, verb_name='build', build_base='build', install_base='install', merge_install=False, symlink_install=False, test_result_base=None, continue_on_error=False, executor='parallel', parallel_workers=8, event_handlers=None, ignore_user_meta=False, metas=['./colcon.meta'], base_paths=['.'], packages_ignore=None, packages_ignore_regex=None, paths=None, packages_up_to=None, packages_up_to_regex=None, packages_above=None, packages_above_and_dependencies=None, packages_above_depth=None, packages_select_by_dep=None, packages_skip_by_dep=None, packages_skip_up_to=None, packages_select_build_failed=False, packages_skip_build_finished=False, packages_select_test_failures=False, packages_skip_test_passed=False, packages_select=None, packages_skip=None, packages_select_regex=None, packages_skip_regex=None, packages_start=None, packages_end=None, allow_overriding=[], cmake_args=None, cmake_target=None, cmake_target_skip_unavailable=False, cmake_clean_cache=False, cmake_clean_first=False, cmake_force_configure=False, ament_cmake_args=None, catkin_cmake_args=None, catkin_skip_building_tests=False, mixin_files=None, mixin=None, verb_parser=<colcon_mixin.mixin.mixin_argument.MixinArgumentDecorator object at 0x7c59e0ab8710>, verb_extension=<colcon_core.verb.build.BuildVerb object at 0x7c59e0ab8410>, main=<bound method BuildVerb.main of <colcon_core.verb.build.BuildVerb object at 0x7c59e0ab8410>>, mixin_verb=('build',))
[0.905s] Level 1:colcon.colcon_core.package_discovery:discover_packages(colcon_meta) check parameters
[0.906s] Level 1:colcon.colcon_core.package_discovery:discover_packages(recursive) check parameters
[0.906s] Level 1:colcon.colcon_core.package_discovery:discover_packages(ignore) check parameters
[0.906s] Level 1:colcon.colcon_core.package_discovery:discover_packages(path) check parameters
[0.906s] Level 1:colcon.colcon_core.package_discovery:discover_packages(colcon_meta) discover
[0.906s] Level 1:colcon.colcon_core.package_discovery:discover_packages(recursive) discover
[0.906s] INFO:colcon.colcon_core.package_discovery:Crawling recursively for packages in '/home/federico/IDS_project/ro2_ws'
[0.906s] Level 1:colcon.colcon_core.package_identification:_identify(.) by extensions ['ignore', 'ignore_ament_install']
[0.906s] Level 1:colcon.colcon_core.package_identification:_identify(.) by extension 'ignore'
[0.906s] Level 1:colcon.colcon_core.package_identification:_identify(.) by extension 'ignore_ament_install'
[0.906s] Level 1:colcon.colcon_core.package_identification:_identify(.) by extensions ['colcon_pkg']
[0.906s] Level 1:colcon.colcon_core.package_identification:_identify(.) by extension 'colcon_pkg'
[0.906s] Level 1:colcon.colcon_core.package_identification:_identify(.) by extensions ['colcon_meta']
[0.906s] Level 1:colcon.colcon_core.package_identification:_identify(.) by extension 'colcon_meta'
[0.906s] Level 1:colcon.colcon_core.package_identification:_identify(.) by extensions ['ros']
[0.906s] Level 1:colcon.colcon_core.package_identification:_identify(.) by extension 'ros'
[0.954s] Level 1:colcon.colcon_core.package_identification:_identify(.) by extensions ['cmake', 'python']
[0.955s] Level 1:colcon.colcon_core.package_identification:_identify(.) by extension 'cmake'
[0.955s] Level 1:colcon.colcon_core.package_identification:_identify(.) by extension 'python'
[0.955s] Level 1:colcon.colcon_core.package_identification:_identify(.) by extensions ['python_setup_py']
[0.955s] Level 1:colcon.colcon_core.package_identification:_identify(.) by extension 'python_setup_py'
[0.955s] Level 1:colcon.colcon_core.package_identification:_identify(build) by extensions ['ignore', 'ignore_ament_install']
[0.955s] Level 1:colcon.colcon_core.package_identification:_identify(build) by extension 'ignore'
[0.955s] Level 1:colcon.colcon_core.package_identification:_identify(build) ignored
[0.956s] Level 1:colcon.colcon_core.package_identification:_identify(install) by extensions ['ignore', 'ignore_ament_install']
[0.956s] Level 1:colcon.colcon_core.package_identification:_identify(install) by extension 'ignore'
[0.956s] Level 1:colcon.colcon_core.package_identification:_identify(install) ignored
[0.956s] Level 1:colcon.colcon_core.package_identification:_identify(launch) by extensions ['ignore', 'ignore_ament_install']
[0.956s] Level 1:colcon.colcon_core.package_identification:_identify(launch) by extension 'ignore'
[0.957s] Level 1:colcon.colcon_core.package_identification:_identify(launch) by extension 'ignore_ament_install'
[0.957s] Level 1:colcon.colcon_core.package_identification:_identify(launch) by extensions ['colcon_pkg']
[0.957s] Level 1:colcon.colcon_core.package_identification:_identify(launch) by extension 'colcon_pkg'
[0.957s] Level 1:colcon.colcon_core.package_identification:_identify(launch) by extensions ['colcon_meta']
[0.957s] Level 1:colcon.colcon_core.package_identification:_identify(launch) by extension 'colcon_meta'
[0.958s] Level 1:colcon.colcon_core.package_identification:_identify(launch) by extensions ['ros']
[0.958s] Level 1:colcon.colcon_core.package_identification:_identify(launch) by extension 'ros'
[0.958s] Level 1:colcon.colcon_core.package_identification:_identify(launch) by extensions ['cmake', 'python']
[0.958s] Level 1:colcon.colcon_core.package_identification:_identify(launch) by extension 'cmake'
[0.958s] Level 1:colcon.colcon_core.package_identification:_identify(launch) by extension 'python'
[0.959s] Level 1:colcon.colcon_core.package_identification:_identify(launch) by extensions ['python_setup_py']
[0.959s] Level 1:colcon.colcon_core.package_identification:_identify(launch) by extension 'python_setup_py'
[0.959s] Level 1:colcon.colcon_core.package_identification:_identify(launch/__pycache__) by extensions ['ignore', 'ignore_ament_install']
[0.960s] Level 1:colcon.colcon_core.package_identification:_identify(launch/__pycache__) by extension 'ignore'
[0.960s] Level 1:colcon.colcon_core.package_identification:_identify(launch/__pycache__) by extension 'ignore_ament_install'
[0.960s] Level 1:colcon.colcon_core.package_identification:_identify(launch/__pycache__) by extensions ['colcon_pkg']
[0.960s] Level 1:colcon.colcon_core.package_identification:_identify(launch/__pycache__) by extension 'colcon_pkg'
[0.960s] Level 1:colcon.colcon_core.package_identification:_identify(launch/__pycache__) by extensions ['colcon_meta']
[0.960s] Level 1:colcon.colcon_core.package_identification:_identify(launch/__pycache__) by extension 'colcon_meta'
[0.960s] Level 1:colcon.colcon_core.package_identification:_identify(launch/__pycache__) by extensions ['ros']
[0.960s] Level 1:colcon.colcon_core.package_identification:_identify(launch/__pycache__) by extension 'ros'
[0.960s] Level 1:colcon.colcon_core.package_identification:_identify(launch/__pycache__) by extensions ['cmake', 'python']
[0.960s] Level 1:colcon.colcon_core.package_identification:_identify(launch/__pycache__) by extension 'cmake'
[0.960s] Level 1:colcon.colcon_core.package_identification:_identify(launch/__pycache__) by extension 'python'
[0.960s] Level 1:colcon.colcon_core.package_identification:_identify(launch/__pycache__) by extensions ['python_setup_py']
[0.960s] Level 1:colcon.colcon_core.package_identification:_identify(launch/__pycache__) by extension 'python_setup_py'
[0.961s] Level 1:colcon.colcon_core.package_identification:_identify(log) by extensions ['ignore', 'ignore_ament_install']
[0.961s] Level 1:colcon.colcon_core.package_identification:_identify(log) by extension 'ignore'
[0.961s] Level 1:colcon.colcon_core.package_identification:_identify(log) ignored
[0.961s] Level 1:colcon.colcon_core.package_identification:_identify(src) by extensions ['ignore', 'ignore_ament_install']
[0.961s] Level 1:colcon.colcon_core.package_identification:_identify(src) by extension 'ignore'
[0.961s] Level 1:colcon.colcon_core.package_identification:_identify(src) by extension 'ignore_ament_install'
[0.961s] Level 1:colcon.colcon_core.package_identification:_identify(src) by extensions ['colcon_pkg']
[0.961s] Level 1:colcon.colcon_core.package_identification:_identify(src) by extension 'colcon_pkg'
[0.962s] Level 1:colcon.colcon_core.package_identification:_identify(src) by extensions ['colcon_meta']
[0.962s] Level 1:colcon.colcon_core.package_identification:_identify(src) by extension 'colcon_meta'
[0.962s] Level 1:colcon.colcon_core.package_identification:_identify(src) by extensions ['ros']
[0.962s] Level 1:colcon.colcon_core.package_identification:_identify(src) by extension 'ros'
[0.962s] Level 1:colcon.colcon_core.package_identification:_identify(src) by extensions ['cmake', 'python']
[0.962s] Level 1:colcon.colcon_core.package_identification:_identify(src) by extension 'cmake'
[0.962s] Level 1:colcon.colcon_core.package_identification:_identify(src) by extension 'python'
[0.962s] Level 1:colcon.colcon_core.package_identification:_identify(src) by extensions ['python_setup_py']
[0.962s] Level 1:colcon.colcon_core.package_identification:_identify(src) by extension 'python_setup_py'
[0.962s] Level 1:colcon.colcon_core.package_identification:_identify(src/build) by extensions ['ignore', 'ignore_ament_install']
[0.962s] Level 1:colcon.colcon_core.package_identification:_identify(src/build) by extension 'ignore'
[0.962s] Level 1:colcon.colcon_core.package_identification:_identify(src/build) ignored
[0.962s] Level 1:colcon.colcon_core.package_identification:_identify(src/install) by extensions ['ignore', 'ignore_ament_install']
[0.963s] Level 1:colcon.colcon_core.package_identification:_identify(src/install) by extension 'ignore'
[0.963s] Level 1:colcon.colcon_core.package_identification:_identify(src/install) ignored
[0.963s] Level 1:colcon.colcon_core.package_identification:_identify(src/limo_control) by extensions ['ignore', 'ignore_ament_install']
[0.963s] Level 1:colcon.colcon_core.package_identification:_identify(src/limo_control) by extension 'ignore'
[0.963s] Level 1:colcon.colcon_core.package_identification:_identify(src/limo_control) by extension 'ignore_ament_install'
[0.963s] Level 1:colcon.colcon_core.package_identification:_identify(src/limo_control) by extensions ['colcon_pkg']
[0.963s] Level 1:colcon.colcon_core.package_identification:_identify(src/limo_control) by extension 'colcon_pkg'
[0.963s] Level 1:colcon.colcon_core.package_identification:_identify(src/limo_control) by extensions ['colcon_meta']
[0.963s] Level 1:colcon.colcon_core.package_identification:_identify(src/limo_control) by extension 'colcon_meta'
[0.963s] Level 1:colcon.colcon_core.package_identification:_identify(src/limo_control) by extensions ['ros']
[0.963s] Level 1:colcon.colcon_core.package_identification:_identify(src/limo_control) by extension 'ros'
[0.970s] DEBUG:colcon.colcon_core.package_identification:Package 'src/limo_control' with type 'ros.ament_python' and name 'limo_control'
[0.971s] Level 1:colcon.colcon_core.package_identification:_identify(src/limo_description) by extensions ['ignore', 'ignore_ament_install']
[0.971s] Level 1:colcon.colcon_core.package_identification:_identify(src/limo_description) by extension 'ignore'
[0.971s] Level 1:colcon.colcon_core.package_identification:_identify(src/limo_description) by extension 'ignore_ament_install'
[0.971s] Level 1:colcon.colcon_core.package_identification:_identify(src/limo_description) by extensions ['colcon_pkg']
[0.971s] Level 1:colcon.colcon_core.package_identification:_identify(src/limo_description) by extension 'colcon_pkg'
[0.971s] Level 1:colcon.colcon_core.package_identification:_identify(src/limo_description) by extensions ['colcon_meta']
[0.971s] Level 1:colcon.colcon_core.package_identification:_identify(src/limo_description) by extension 'colcon_meta'
[0.971s] Level 1:colcon.colcon_core.package_identification:_identify(src/limo_description) by extensions ['ros']
[0.971s] Level 1:colcon.colcon_core.package_identification:_identify(src/limo_description) by extension 'ros'
[0.974s] DEBUG:colcon.colcon_core.package_identification:Package 'src/limo_description' with type 'ros.ament_python' and name 'limo_description'
[0.974s] Level 1:colcon.colcon_core.package_identification:_identify(src/limo_gazebo) by extensions ['ignore', 'ignore_ament_install']
[0.975s] Level 1:colcon.colcon_core.package_identification:_identify(src/limo_gazebo) by extension 'ignore'
[0.975s] Level 1:colcon.colcon_core.package_identification:_identify(src/limo_gazebo) by extension 'ignore_ament_install'
[0.975s] Level 1:colcon.colcon_core.package_identification:_identify(src/limo_gazebo) by extensions ['colcon_pkg']
[0.975s] Level 1:colcon.colcon_core.package_identification:_identify(src/limo_gazebo) by extension 'colcon_pkg'
[0.975s] Level 1:colcon.colcon_core.package_identification:_identify(src/limo_gazebo) by extensions ['colcon_meta']
[0.975s] Level 1:colcon.colcon_core.package_identification:_identify(src/limo_gazebo) by extension 'colcon_meta'
[0.975s] Level 1:colcon.colcon_core.package_identification:_identify(src/limo_gazebo) by extensions ['ros']
[0.975s] Level 1:colcon.colcon_core.package_identification:_identify(src/limo_gazebo) by extension 'ros'
[0.977s] DEBUG:colcon.colcon_core.package_identification:Package 'src/limo_gazebo' with type 'ros.ament_python' and name 'limo_gazebo'
[0.977s] Level 1:colcon.colcon_core.package_identification:_identify(src/limo_sensors) by extensions ['ignore', 'ignore_ament_install']
[0.977s] Level 1:colcon.colcon_core.package_identification:_identify(src/limo_sensors) by extension 'ignore'
[0.977s] Level 1:colcon.colcon_core.package_identification:_identify(src/limo_sensors) by extension 'ignore_ament_install'
[0.977s] Level 1:colcon.colcon_core.package_identification:_identify(src/limo_sensors) by extensions ['colcon_pkg']
[0.978s] Level 1:colcon.colcon_core.package_identification:_identify(src/limo_sensors) by extension 'colcon_pkg'
[0.978s] Level 1:colcon.colcon_core.package_identification:_identify(src/limo_sensors) by extensions ['colcon_meta']
[0.978s] Level 1:colcon.colcon_core.package_identification:_identify(src/limo_sensors) by extension 'colcon_meta'
[0.978s] Level 1:colcon.colcon_core.package_identification:_identify(src/limo_sensors) by extensions ['ros']
[0.978s] Level 1:colcon.colcon_core.package_identification:_identify(src/limo_sensors) by extension 'ros'
[0.979s] DEBUG:colcon.colcon_core.package_identification:Package 'src/limo_sensors' with type 'ros.ament_python' and name 'limo_sensors'
[0.980s] Level 1:colcon.colcon_core.package_identification:_identify(src/log) by extensions ['ignore', 'ignore_ament_install']
[0.980s] Level 1:colcon.colcon_core.package_identification:_identify(src/log) by extension 'ignore'
[0.980s] Level 1:colcon.colcon_core.package_identification:_identify(src/log) ignored
[0.980s] Level 1:colcon.colcon_core.package_identification:_identify(src/person_sim) by extensions ['ignore', 'ignore_ament_install']
[0.980s] Level 1:colcon.colcon_core.package_identification:_identify(src/person_sim) by extension 'ignore'
[0.980s] Level 1:colcon.colcon_core.package_identification:_identify(src/person_sim) by extension 'ignore_ament_install'
[0.980s] Level 1:colcon.colcon_core.package_identification:_identify(src/person_sim) by extensions ['colcon_pkg']
[0.981s] Level 1:colcon.colcon_core.package_identification:_identify(src/person_sim) by extension 'colcon_pkg'
[0.981s] Level 1:colcon.colcon_core.package_identification:_identify(src/person_sim) by extensions ['colcon_meta']
[0.981s] Level 1:colcon.colcon_core.package_identification:_identify(src/person_sim) by extension 'colcon_meta'
[0.981s] Level 1:colcon.colcon_core.package_identification:_identify(src/person_sim) by extensions ['ros']
[0.981s] Level 1:colcon.colcon_core.package_identification:_identify(src/person_sim) by extension 'ros'
[0.982s] DEBUG:colcon.colcon_core.package_identification:Package 'src/person_sim' with type 'ros.ament_python' and name 'person_sim'
[0.982s] Level 1:colcon.colcon_core.package_discovery:discover_packages(recursive) using defaults
[0.982s] Level 1:colcon.colcon_core.package_discovery:discover_packages(ignore) discover
[0.982s] Level 1:colcon.colcon_core.package_discovery:discover_packages(ignore) using defaults
[0.982s] Level 1:colcon.colcon_core.package_discovery:discover_packages(path) discover
[0.982s] Level 1:colcon.colcon_core.package_discovery:discover_packages(path) using defaults
[1.020s] Level 1:colcon.colcon_core.package_discovery:discover_packages(prefix_path) check parameters
[1.020s] Level 1:colcon.colcon_core.package_discovery:discover_packages(prefix_path) discover
[1.022s] Level 1:colcon.colcon_core.package_discovery:discover_packages(prefix_path) using defaults
[1.025s] Level 5:colcon.colcon_core.verb:set package 'limo_control' build argument 'cmake_args' from command line to 'None'
[1.025s] Level 5:colcon.colcon_core.verb:set package 'limo_control' build argument 'cmake_target' from command line to 'None'
[1.025s] Level 5:colcon.colcon_core.verb:set package 'limo_control' build argument 'cmake_target_skip_unavailable' from command line to 'False'
[1.025s] Level 5:colcon.colcon_core.verb:set package 'limo_control' build argument 'cmake_clean_cache' from command line to 'False'
[1.025s] Level 5:colcon.colcon_core.verb:set package 'limo_control' build argument 'cmake_clean_first' from command line to 'False'
[1.025s] Level 5:colcon.colcon_core.verb:set package 'limo_control' build argument 'cmake_force_configure' from command line to 'False'
[1.025s] Level 5:colcon.colcon_core.verb:set package 'limo_control' build argument 'ament_cmake_args' from command line to 'None'
[1.025s] Level 5:colcon.colcon_core.verb:set package 'limo_control' build argument 'catkin_cmake_args' from command line to 'None'
[1.025s] Level 5:colcon.colcon_core.verb:set package 'limo_control' build argument 'catkin_skip_building_tests' from command line to 'False'
[1.025s] DEBUG:colcon.colcon_core.verb:Building package 'limo_control' with the following arguments: {'ament_cmake_args': None, 'build_base': '/home/federico/IDS_project/ro2_ws/build/limo_control', 'catkin_cmake_args': None, 'catkin_skip_building_tests': False, 'cmake_args': None, 'cmake_clean_cache': False, 'cmake_clean_first': False, 'cmake_force_configure': False, 'cmake_target': None, 'cmake_target_skip_unavailable': False, 'install_base': '/home/federico/IDS_project/ro2_ws/install/limo_control', 'merge_install': False, 'path': '/home/federico/IDS_project/ro2_ws/src/limo_control', 'symlink_install': False, 'test_result_base': None}
[1.025s] Level 5:colcon.colcon_core.verb:set package 'limo_description' build argument 'cmake_args' from command line to 'None'
[1.026s] Level 5:colcon.colcon_core.verb:set package 'limo_description' build argument 'cmake_target' from command line to 'None'
[1.026s] Level 5:colcon.colcon_core.verb:set package 'limo_description' build argument 'cmake_target_skip_unavailable' from command line to 'False'
[1.026s] Level 5:colcon.colcon_core.verb:set package 'limo_description' build argument 'cmake_clean_cache' from command line to 'False'
[1.026s] Level 5:colcon.colcon_core.verb:set package 'limo_description' build argument 'cmake_clean_first' from command line to 'False'
[1.026s] Level 5:colcon.colcon_core.verb:set package 'limo_description' build argument 'cmake_force_configure' from command line to 'False'
[1.026s] Level 5:colcon.colcon_core.verb:set package 'limo_description' build argument 'ament_cmake_args' from command line to 'None'
[1.026s] Level 5:colcon.colcon_core.verb:set package 'limo_description' build argument 'catkin_cmake_args' from command line to 'None'
[1.026s] Level 5:colcon.colcon_core.verb:set package 'limo_description' build argument 'catkin_skip_building_tests' from command line to 'False'
[1.026s] DEBUG:colcon.colcon_core.verb:Building package 'limo_description' with the following arguments: {'ament_cmake_args': None, 'build_base': '/home/federico/IDS_project/ro2_ws/build/limo_description', 'catkin_cmake_args': None, 'catkin_skip_building_tests': False, 'cmake_args': None, 'cmake_clean_cache': False, 'cmake_clean_first': False, 'cmake_force_configure': False, 'cmake_target': None, 'cmake_target_skip_unavailable': False, 'install_base': '/home/federico/IDS_project/ro2_ws/install/limo_description', 'merge_install': False, 'path': '/home/federico/IDS_project/ro2_ws/src/limo_description', 'symlink_install': False, 'test_result_base': None}
[1.027s] Level 5:colcon.colcon_core.verb:set package 'limo_gazebo' build argument 'cmake_args' from command line to 'None'
[1.027s] Level 5:colcon.colcon_core.verb:set package 'limo_gazebo' build argument 'cmake_target' from command line to 'None'
[1.027s] Level 5:colcon.colcon_core.verb:set package 'limo_gazebo' build argument 'cmake_target_skip_unavailable' from command line to 'False'
[1.027s] Level 5:colcon.colcon_core.verb:set package 'limo_gazebo' build argument 'cmake_clean_cache' from command line to 'False'
[1.027s] Level 5:colcon.colcon_core.verb:set package 'limo_gazebo' build argument 'cmake_clean_first' from command line to 'False'
[1.027s] Level 5:colcon.colcon_core.verb:set package 'limo_gazebo' build argument 'cmake_force_configure' from command line to 'False'
[1.027s] Level 5:colcon.colcon_core.verb:set package 'limo_gazebo' build argument 'ament_cmake_args' from command line to 'None'
[1.027s] Level 5:colcon.colcon_core.verb:set package 'limo_gazebo' build argument 'catkin_cmake_args' from command line to 'None'
[1.027s] Level 5:colcon.colcon_core.verb:set package 'limo_gazebo' build argument 'catkin_skip_building_tests' from command line to 'False'
[1.027s] DEBUG:colcon.colcon_core.verb:Building package 'limo_gazebo' with the following arguments: {'ament_cmake_args': None, 'build_base': '/home/federico/IDS_project/ro2_ws/build/limo_gazebo', 'catkin_cmake_args': None, 'catkin_skip_building_tests': False, 'cmake_args': None, 'cmake_clean_cache': False, 'cmake_clean_first': False, 'cmake_force_configure': False, 'cmake_target': None, 'cmake_target_skip_unavailable': False, 'install_base': '/home/federico/IDS_project/ro2_ws/install/limo_gazebo', 'merge_install': False, 'path': '/home/federico/IDS_project/ro2_ws/src/limo_gazebo', 'symlink_install': False, 'test_result_base': None}
[1.028s] Level 5:colcon.colcon_core.verb:set package 'limo_sensors' build argument 'cmake_args' from command line to 'None'
[1.028s] Level 5:colcon.colcon_core.verb:set package 'limo_sensors' build argument 'cmake_target' from command line to 'None'
[1.028s] Level 5:colcon.colcon_core.verb:set package 'limo_sensors' build argument 'cmake_target_skip_unavailable' from command line to 'False'
[1.028s] Level 5:colcon.colcon_core.verb:set package 'limo_sensors' build argument 'cmake_clean_cache' from command line to 'False'
[1.028s] Level 5:colcon.colcon_core.verb:set package 'limo_sensors' build argument 'cmake_clean_first' from command line to 'False'
[1.028s] Level 5:colcon.colcon_core.verb:set package 'limo_sensors' build argument 'cmake_force_configure' from command line to 'False'
[1.028s] Level 5:colcon.colcon_core.verb:set package 'limo_sensors' build argument 'ament_cmake_args' from command line to 'None'
[1.028s] Level 5:colcon.colcon_core.verb:set package 'limo_sensors' build argument 'catkin_cmake_args' from command line to 'None'
[1.028s] Level 5:colcon.colcon_core.verb:set package 'limo_sensors' build argument 'catkin_skip_building_tests' from command line to 'False'
[1.028s] DEBUG:colcon.colcon_core.verb:Building package 'limo_sensors' with the following arguments: {'ament_cmake_args': None, 'build_base': '/home/federico/IDS_project/ro2_ws/build/limo_sensors', 'catkin_cmake_args': None, 'catkin_skip_building_tests': False, 'cmake_args': None, 'cmake_clean_cache': False, 'cmake_clean_first': False, 'cmake_force_configure': False, 'cmake_target': None, 'cmake_target_skip_unavailable': False, 'install_base': '/home/federico/IDS_project/ro2_ws/install/limo_sensors', 'merge_install': False, 'path': '/home/federico/IDS_project/ro2_ws/src/limo_sensors', 'symlink_install': False, 'test_result_base': None}
[1.029s] Level 5:colcon.colcon_core.verb:set package 'person_sim' build argument 'cmake_args' from command line to 'None'
[1.029s] Level 5:colcon.colcon_core.verb:set package 'person_sim' build argument 'cmake_target' from command line to 'None'
[1.029s] Level 5:colcon.colcon_core.verb:set package 'person_sim' build argument 'cmake_target_skip_unavailable' from command line to 'False'
[1.029s] Level 5:colcon.colcon_core.verb:set package 'person_sim' build argument 'cmake_clean_cache' from command line to 'False'
[1.029s] Level 5:colcon.colcon_core.verb:set package 'person_sim' build argument 'cmake_clean_first' from command line to 'False'
[1.029s] Level 5:colcon.colcon_core.verb:set package 'person_sim' build argument 'cmake_force_configure' from command line to 'False'
[1.029s] Level 5:colcon.colcon_core.verb:set package 'person_sim' build argument 'ament_cmake_args' from command line to 'None'
[1.029s] Level 5:colcon.colcon_core.verb:set package 'person_sim' build argument 'catkin_cmake_args' from command line to 'None'
[1.029s] Level 5:colcon.colcon_core.verb:set package 'person_sim' build argument 'catkin_skip_building_tests' from command line to 'False'
[1.029s] DEBUG:colcon.colcon_core.verb:Building package 'person_sim' with the following arguments: {'ament_cmake_args': None, 'build_base': '/home/federico/IDS_project/ro2_ws/build/person_sim', 'catkin_cmake_args': None, 'catkin_skip_building_tests': False, 'cmake_args': None, 'cmake_clean_cache': False, 'cmake_clean_first': False, 'cmake_force_configure': False, 'cmake_target': None, 'cmake_target_skip_unavailable': False, 'install_base': '/home/federico/IDS_project/ro2_ws/install/person_sim', 'merge_install': False, 'path': '/home/federico/IDS_project/ro2_ws/src/person_sim', 'symlink_install': False, 'test_result_base': None}
[1.029s] INFO:colcon.colcon_core.executor:Executing jobs using 'parallel' executor
[1.031s] DEBUG:colcon.colcon_parallel_executor.executor.parallel:run_until_complete
[1.032s] INFO:colcon.colcon_ros.task.ament_python.build:Building ROS package in '/home/federico/IDS_project/ro2_ws/src/limo_control' with build type 'ament_python'
[1.032s] Level 1:colcon.colcon_core.shell:create_environment_hook('limo_control', 'ament_prefix_path')
[1.039s] INFO:colcon.colcon_core.plugin_system:Skipping extension 'colcon_core.shell.bat': Not used on non-Windows systems
[1.040s] INFO:colcon.colcon_core.shell:Creating environment hook '/home/federico/IDS_project/ro2_ws/install/limo_control/share/limo_control/hook/ament_prefix_path.ps1'
[1.043s] INFO:colcon.colcon_core.shell:Creating environment descriptor '/home/federico/IDS_project/ro2_ws/install/limo_control/share/limo_control/hook/ament_prefix_path.dsv'
[1.044s] INFO:colcon.colcon_core.shell:Creating environment hook '/home/federico/IDS_project/ro2_ws/install/limo_control/share/limo_control/hook/ament_prefix_path.sh'
[1.046s] INFO:colcon.colcon_core.shell:Skip shell extension 'powershell' for command environment: Not usable outside of PowerShell
[1.046s] DEBUG:colcon.colcon_core.shell:Skip shell extension 'dsv' for command environment
[1.049s] INFO:colcon.colcon_ros.task.ament_python.build:Building ROS package in '/home/federico/IDS_project/ro2_ws/src/limo_description' with build type 'ament_python'
[1.050s] Level 1:colcon.colcon_core.shell:create_environment_hook('limo_description', 'ament_prefix_path')
[1.051s] INFO:colcon.colcon_core.shell:Creating environment hook '/home/federico/IDS_project/ro2_ws/install/limo_description/share/limo_description/hook/ament_prefix_path.ps1'
[1.052s] INFO:colcon.colcon_core.shell:Creating environment descriptor '/home/federico/IDS_project/ro2_ws/install/limo_description/share/limo_description/hook/ament_prefix_path.dsv'
[1.053s] INFO:colcon.colcon_core.shell:Creating environment hook '/home/federico/IDS_project/ro2_ws/install/limo_description/share/limo_description/hook/ament_prefix_path.sh'
[1.054s] INFO:colcon.colcon_core.shell:Skip shell extension 'powershell' for command environment: Not usable outside of PowerShell
[1.054s] DEBUG:colcon.colcon_core.shell:Skip shell extension 'dsv' for command environment
[1.055s] INFO:colcon.colcon_ros.task.ament_python.build:Building ROS package in '/home/federico/IDS_project/ro2_ws/src/limo_gazebo' with build type 'ament_python'
[1.056s] Level 1:colcon.colcon_core.shell:create_environment_hook('limo_gazebo', 'ament_prefix_path')
[1.056s] INFO:colcon.colcon_core.shell:Creating environment hook '/home/federico/IDS_project/ro2_ws/install/limo_gazebo/share/limo_gazebo/hook/ament_prefix_path.ps1'
[1.059s] INFO:colcon.colcon_core.shell:Creating environment descriptor '/home/federico/IDS_project/ro2_ws/install/limo_gazebo/share/limo_gazebo/hook/ament_prefix_path.dsv'
[1.060s] INFO:colcon.colcon_core.shell:Creating environment hook '/home/federico/IDS_project/ro2_ws/install/limo_gazebo/share/limo_gazebo/hook/ament_prefix_path.sh'
[1.061s] INFO:colcon.colcon_core.shell:Skip shell extension 'powershell' for command environment: Not usable outside of PowerShell
[1.061s] DEBUG:colcon.colcon_core.shell:Skip shell extension 'dsv' for command environment
[1.063s] INFO:colcon.colcon_ros.task.ament_python.build:Building ROS package in '/home/federico/IDS_project/ro2_ws/src/limo_sensors' with build type 'ament_python'
[1.064s] Level 1:colcon.colcon_core.shell:create_environment_hook('limo_sensors', 'ament_prefix_path')
[1.066s] INFO:colcon.colcon_core.shell:Creating environment hook '/home/federico/IDS_project/ro2_ws/install/limo_sensors/share/limo_sensors/hook/ament_prefix_path.ps1'
[1.067s] INFO:colcon.colcon_core.shell:Creating environment descriptor '/home/federico/IDS_project/ro2_ws/install/limo_sensors/share/limo_sensors/hook/ament_prefix_path.dsv'
[1.068s] INFO:colcon.colcon_core.shell:Creating environment hook '/home/federico/IDS_project/ro2_ws/install/limo_sensors/share/limo_sensors/hook/ament_prefix_path.sh'
[1.069s] INFO:colcon.colcon_core.shell:Skip shell extension 'powershell' for command environment: Not usable outside of PowerShell
[1.069s] DEBUG:colcon.colcon_core.shell:Skip shell extension 'dsv' for command environment
[1.070s] INFO:colcon.colcon_ros.task.ament_python.build:Building ROS package in '/home/federico/IDS_project/ro2_ws/src/person_sim' with build type 'ament_python'
[1.071s] Level 1:colcon.colcon_core.shell:create_environment_hook('person_sim', 'ament_prefix_path')
[1.071s] INFO:colcon.colcon_core.shell:Creating environment hook '/home/federico/IDS_project/ro2_ws/install/person_sim/share/person_sim/hook/ament_prefix_path.ps1'
[1.072s] INFO:colcon.colcon_core.shell:Creating environment descriptor '/home/federico/IDS_project/ro2_ws/install/person_sim/share/person_sim/hook/ament_prefix_path.dsv'
[1.073s] INFO:colcon.colcon_core.shell:Creating environment hook '/home/federico/IDS_project/ro2_ws/install/person_sim/share/person_sim/hook/ament_prefix_path.sh'
[1.073s] INFO:colcon.colcon_core.shell:Skip shell extension 'powershell' for command environment: Not usable outside of PowerShell
[1.074s] DEBUG:colcon.colcon_core.shell:Skip shell extension 'dsv' for command environment
[1.591s] INFO:colcon.colcon_core.task.python.build:Building Python package in '/home/federico/IDS_project/ro2_ws/src/limo_control'
[1.591s] INFO:colcon.colcon_core.shell:Skip shell extension 'powershell' for command environment: Not usable outside of PowerShell
[1.591s] DEBUG:colcon.colcon_core.shell:Skip shell extension 'dsv' for command environment
[2.082s] INFO:colcon.colcon_core.task.python.build:Building Python package in '/home/federico/IDS_project/ro2_ws/src/limo_description'
[2.082s] INFO:colcon.colcon_core.shell:Skip shell extension 'powershell' for command environment: Not usable outside of PowerShell
[2.082s] DEBUG:colcon.colcon_core.shell:Skip shell extension 'dsv' for command environment
[2.500s] INFO:colcon.colcon_core.task.python.build:Building Python package in '/home/federico/IDS_project/ro2_ws/src/limo_gazebo'
[2.501s] INFO:colcon.colcon_core.shell:Skip shell extension 'powershell' for command environment: Not usable outside of PowerShell
[2.501s] DEBUG:colcon.colcon_core.shell:Skip shell extension 'dsv' for command environment
[2.821s] INFO:colcon.colcon_core.task.python.build:Building Python package in '/home/federico/IDS_project/ro2_ws/src/limo_sensors'
[2.821s] INFO:colcon.colcon_core.shell:Skip shell extension 'powershell' for command environment: Not usable outside of PowerShell
[2.822s] DEBUG:colcon.colcon_core.shell:Skip shell extension 'dsv' for command environment
[3.177s] INFO:colcon.colcon_core.task.python.build:Building Python package in '/home/federico/IDS_project/ro2_ws/src/person_sim'
[3.177s] INFO:colcon.colcon_core.shell:Skip shell extension 'powershell' for command environment: Not usable outside of PowerShell
[3.177s] DEBUG:colcon.colcon_core.shell:Skip shell extension 'dsv' for command environment
[5.024s] DEBUG:colcon.colcon_core.event_handler.log_command:Invoking command in '/home/federico/IDS_project/ro2_ws/src/limo_control': DEBUGINFOD_URLS=https://debuginfod.ubuntu.com PYTHONPATH=/home/federico/IDS_project/ro2_ws/build/limo_control/prefix_override:/usr/lib/python3/dist-packages/colcon_core/task/python/colcon_distutils_commands:/home/federico/IDS_project/ro2_ws/install/limo_control/lib/python3.12/site-packages:${PYTHONPATH} /usr/bin/python3 -W ignore:setup.py install is deprecated -W ignore:easy_install command is deprecated setup.py egg_info --egg-base ../../build/limo_control build --build-base /home/federico/IDS_project/ro2_ws/build/limo_control/build install --record /home/federico/IDS_project/ro2_ws/build/limo_control/install.log --single-version-externally-managed install_data
[5.032s] DEBUG:colcon.colcon_core.event_handler.log_command:Invoking command in '/home/federico/IDS_project/ro2_ws/src/limo_description': DEBUGINFOD_URLS=https://debuginfod.ubuntu.com PYTHONPATH=/home/federico/IDS_project/ro2_ws/build/limo_description/prefix_override:/usr/lib/python3/dist-packages/colcon_core/task/python/colcon_distutils_commands:/home/federico/IDS_project/ro2_ws/install/limo_description/lib/python3.12/site-packages:${PYTHONPATH} /usr/bin/python3 -W ignore:setup.py install is deprecated -W ignore:easy_install command is deprecated setup.py egg_info --egg-base ../../build/limo_description build --build-base /home/federico/IDS_project/ro2_ws/build/limo_description/build install --record /home/federico/IDS_project/ro2_ws/build/limo_description/install.log --single-version-externally-managed install_data
[5.036s] DEBUG:colcon.colcon_core.event_handler.log_command:Invoking command in '/home/federico/IDS_project/ro2_ws/src/limo_sensors': DEBUGINFOD_URLS=https://debuginfod.ubuntu.com PYTHONPATH=/home/federico/IDS_project/ro2_ws/build/limo_sensors/prefix_override:/usr/lib/python3/dist-packages/colcon_core/task/python/colcon_distutils_commands:/home/federico/IDS_project/ro2_ws/install/limo_sensors/lib/python3.12/site-packages:${PYTHONPATH} /usr/bin/python3 -W ignore:setup.py install is deprecated -W ignore:easy_install command is deprecated setup.py egg_info --egg-base ../../build/limo_sensors build --build-base /home/federico/IDS_project/ro2_ws/build/limo_sensors/build install --record /home/federico/IDS_project/ro2_ws/build/limo_sensors/install.log --single-version-externally-managed install_data
[5.038s] DEBUG:colcon.colcon_core.event_handler.log_command:Invoking command in '/home/federico/IDS_project/ro2_ws/src/limo_gazebo': DEBUGINFOD_URLS=https://debuginfod.ubuntu.com PYTHONPATH=/home/federico/IDS_project/ro2_ws/build/limo_gazebo/prefix_override:/usr/lib/python3/dist-packages/colcon_core/task/python/colcon_distutils_commands:/home/federico/IDS_project/ro2_ws/install/limo_gazebo/lib/python3.12/site-packages:${PYTHONPATH} /usr/bin/python3 -W ignore:setup.py install is deprecated -W ignore:easy_install command is deprecated setup.py egg_info --egg-base ../../build/limo_gazebo build --build-base /home/federico/IDS_project/ro2_ws/build/limo_gazebo/build install --record /home/federico/IDS_project/ro2_ws/build/limo_gazebo/install.log --single-version-externally-managed install_data
[5.040s] DEBUG:colcon.colcon_core.event_handler.log_command:Invoking command in '/home/federico/IDS_project/ro2_ws/src/person_sim': DEBUGINFOD_URLS=https://debuginfod.ubuntu.com PYTHONPATH=/home/federico/IDS_project/ro2_ws/build/person_sim/prefix_override:/usr/lib/python3/dist-packages/colcon_core/task/python/colcon_distutils_commands:/home/federico/IDS_project/ro2_ws/install/person_sim/lib/python3.12/site-packages:${PYTHONPATH} /usr/bin/python3 -W ignore:setup.py install is deprecated -W ignore:easy_install command is deprecated setup.py egg_info --egg-base ../../build/person_sim build --build-base /home/federico/IDS_project/ro2_ws/build/person_sim/build install --record /home/federico/IDS_project/ro2_ws/build/person_sim/install.log --single-version-externally-managed install_data
[6.587s] DEBUG:colcon.colcon_core.event_handler.log_command:Invoked command in '/home/federico/IDS_project/ro2_ws/src/limo_sensors' returned '0': DEBUGINFOD_URLS=https://debuginfod.ubuntu.com PYTHONPATH=/home/federico/IDS_project/ro2_ws/build/limo_sensors/prefix_override:/usr/lib/python3/dist-packages/colcon_core/task/python/colcon_distutils_commands:/home/federico/IDS_project/ro2_ws/install/limo_sensors/lib/python3.12/site-packages:${PYTHONPATH} /usr/bin/python3 -W ignore:setup.py install is deprecated -W ignore:easy_install command is deprecated setup.py egg_info --egg-base ../../build/limo_sensors build --build-base /home/federico/IDS_project/ro2_ws/build/limo_sensors/build install --record /home/federico/IDS_project/ro2_ws/build/limo_sensors/install.log --single-version-externally-managed install_data
[6.593s] Level 1:colcon.colcon_core.environment:checking '/home/federico/IDS_project/ro2_ws/install/limo_sensors' for CMake module files
[6.593s] Level 1:colcon.colcon_core.environment:checking '/home/federico/IDS_project/ro2_ws/install/limo_sensors' for CMake config files
[6.594s] Level 1:colcon.colcon_core.environment:checking '/home/federico/IDS_project/ro2_ws/install/limo_sensors/lib'
[6.595s] Level 1:colcon.colcon_core.environment:checking '/home/federico/IDS_project/ro2_ws/install/limo_sensors/bin'
[6.595s] Level 1:colcon.colcon_core.environment:checking '/home/federico/IDS_project/ro2_ws/install/limo_sensors/lib/pkgconfig/limo_sensors.pc'
[6.595s] Level 1:colcon.colcon_core.environment:checking '/home/federico/IDS_project/ro2_ws/install/limo_sensors/lib/python3.12/site-packages'
[6.595s] Level 1:colcon.colcon_core.shell:create_environment_hook('limo_sensors', 'pythonpath')
[6.596s] INFO:colcon.colcon_core.shell:Creating environment hook '/home/federico/IDS_project/ro2_ws/install/limo_sensors/share/limo_sensors/hook/pythonpath.ps1'
[6.596s] INFO:colcon.colcon_core.shell:Creating environment descriptor '/home/federico/IDS_project/ro2_ws/install/limo_sensors/share/limo_sensors/hook/pythonpath.dsv'
[6.597s] INFO:colcon.colcon_core.shell:Creating environment hook '/home/federico/IDS_project/ro2_ws/install/limo_sensors/share/limo_sensors/hook/pythonpath.sh'
[6.598s] Level 1:colcon.colcon_core.environment:checking '/home/federico/IDS_project/ro2_ws/install/limo_sensors/bin'
[6.598s] Level 1:colcon.colcon_core.environment:create_environment_scripts_only(limo_sensors)
[6.599s] INFO:colcon.colcon_core.shell:Creating package script '/home/federico/IDS_project/ro2_ws/install/limo_sensors/share/limo_sensors/package.ps1'
[6.602s] INFO:colcon.colcon_core.shell:Creating package descriptor '/home/federico/IDS_project/ro2_ws/install/limo_sensors/share/limo_sensors/package.dsv'
[6.604s] INFO:colcon.colcon_core.shell:Creating package script '/home/federico/IDS_project/ro2_ws/install/limo_sensors/share/limo_sensors/package.sh'
[6.606s] INFO:colcon.colcon_core.shell:Creating package script '/home/federico/IDS_project/ro2_ws/install/limo_sensors/share/limo_sensors/package.bash'
[6.609s] INFO:colcon.colcon_core.shell:Creating package script '/home/federico/IDS_project/ro2_ws/install/limo_sensors/share/limo_sensors/package.zsh'
[6.610s] Level 1:colcon.colcon_core.environment:create_file_with_runtime_dependencies(/home/federico/IDS_project/ro2_ws/install/limo_sensors/share/colcon-core/packages/limo_sensors)
[6.615s] Level 1:colcon.colcon_core.environment:checking '/home/federico/IDS_project/ro2_ws/install/limo_description' for CMake module files
[6.617s] DEBUG:colcon.colcon_core.event_handler.log_command:Invoked command in '/home/federico/IDS_project/ro2_ws/src/limo_description' returned '0': DEBUGINFOD_URLS=https://debuginfod.ubuntu.com PYTHONPATH=/home/federico/IDS_project/ro2_ws/build/limo_description/prefix_override:/usr/lib/python3/dist-packages/colcon_core/task/python/colcon_distutils_commands:/home/federico/IDS_project/ro2_ws/install/limo_description/lib/python3.12/site-packages:${PYTHONPATH} /usr/bin/python3 -W ignore:setup.py install is deprecated -W ignore:easy_install command is deprecated setup.py egg_info --egg-base ../../build/limo_description build --build-base /home/federico/IDS_project/ro2_ws/build/limo_description/build install --record /home/federico/IDS_project/ro2_ws/build/limo_description/install.log --single-version-externally-managed install_data
[6.618s] Level 1:colcon.colcon_core.environment:checking '/home/federico/IDS_project/ro2_ws/install/limo_description' for CMake config files
[6.619s] Level 1:colcon.colcon_core.environment:checking '/home/federico/IDS_project/ro2_ws/install/limo_description/lib'
[6.619s] Level 1:colcon.colcon_core.environment:checking '/home/federico/IDS_project/ro2_ws/install/limo_description/bin'
[6.620s] Level 1:colcon.colcon_core.environment:checking '/home/federico/IDS_project/ro2_ws/install/limo_description/lib/pkgconfig/limo_description.pc'
[6.620s] Level 1:colcon.colcon_core.environment:checking '/home/federico/IDS_project/ro2_ws/install/limo_description/lib/python3.12/site-packages'
[6.620s] Level 1:colcon.colcon_core.shell:create_environment_hook('limo_description', 'pythonpath')
[6.621s] INFO:colcon.colcon_core.shell:Creating environment hook '/home/federico/IDS_project/ro2_ws/install/limo_description/share/limo_description/hook/pythonpath.ps1'
[6.622s] INFO:colcon.colcon_core.shell:Creating environment descriptor '/home/federico/IDS_project/ro2_ws/install/limo_description/share/limo_description/hook/pythonpath.dsv'
[6.622s] INFO:colcon.colcon_core.shell:Creating environment hook '/home/federico/IDS_project/ro2_ws/install/limo_description/share/limo_description/hook/pythonpath.sh'
[6.624s] Level 1:colcon.colcon_core.environment:checking '/home/federico/IDS_project/ro2_ws/install/limo_description/bin'
[6.624s] Level 1:colcon.colcon_core.environment:create_environment_scripts_only(limo_description)
[6.625s] INFO:colcon.colcon_core.shell:Creating package script '/home/federico/IDS_project/ro2_ws/install/limo_description/share/limo_description/package.ps1'
[6.626s] INFO:colcon.colcon_core.shell:Creating package descriptor '/home/federico/IDS_project/ro2_ws/install/limo_description/share/limo_description/package.dsv'
[6.627s] INFO:colcon.colcon_core.shell:Creating package script '/home/federico/IDS_project/ro2_ws/install/limo_description/share/limo_description/package.sh'
[6.628s] INFO:colcon.colcon_core.shell:Creating package script '/home/federico/IDS_project/ro2_ws/install/limo_description/share/limo_description/package.bash'
[6.628s] INFO:colcon.colcon_core.shell:Creating package script '/home/federico/IDS_project/ro2_ws/install/limo_description/share/limo_description/package.zsh'
[6.629s] Level 1:colcon.colcon_core.environment:create_file_with_runtime_dependencies(/home/federico/IDS_project/ro2_ws/install/limo_description/share/colcon-core/packages/limo_description)
[6.634s] Level 1:colcon.colcon_core.environment:checking '/home/federico/IDS_project/ro2_ws/install/limo_gazebo' for CMake module files
[6.635s] DEBUG:colcon.colcon_core.event_handler.log_command:Invoked command in '/home/federico/IDS_project/ro2_ws/src/limo_gazebo' returned '0': DEBUGINFOD_URLS=https://debuginfod.ubuntu.com PYTHONPATH=/home/federico/IDS_project/ro2_ws/build/limo_gazebo/prefix_override:/usr/lib/python3/dist-packages/colcon_core/task/python/colcon_distutils_commands:/home/federico/IDS_project/ro2_ws/install/limo_gazebo/lib/python3.12/site-packages:${PYTHONPATH} /usr/bin/python3 -W ignore:setup.py install is deprecated -W ignore:easy_install command is deprecated setup.py egg_info --egg-base ../../build/limo_gazebo build --build-base /home/federico/IDS_project/ro2_ws/build/limo_gazebo/build install --record /home/federico/IDS_project/ro2_ws/build/limo_gazebo/install.log --single-version-externally-managed install_data
[6.637s] Level 1:colcon.colcon_core.environment:checking '/home/federico/IDS_project/ro2_ws/install/limo_gazebo' for CMake config files
[6.638s] Level 1:colcon.colcon_core.environment:checking '/home/federico/IDS_project/ro2_ws/install/limo_gazebo/lib'
[6.639s] Level 1:colcon.colcon_core.environment:checking '/home/federico/IDS_project/ro2_ws/install/limo_gazebo/bin'
[6.639s] Level 1:colcon.colcon_core.environment:checking '/home/federico/IDS_project/ro2_ws/install/limo_gazebo/lib/pkgconfig/limo_gazebo.pc'
[6.639s] Level 1:colcon.colcon_core.environment:checking '/home/federico/IDS_project/ro2_ws/install/limo_gazebo/lib/python3.12/site-packages'
[6.639s] Level 1:colcon.colcon_core.shell:create_environment_hook('limo_gazebo', 'pythonpath')
[6.640s] INFO:colcon.colcon_core.shell:Creating environment hook '/home/federico/IDS_project/ro2_ws/install/limo_gazebo/share/limo_gazebo/hook/pythonpath.ps1'
[6.641s] INFO:colcon.colcon_core.shell:Creating environment descriptor '/home/federico/IDS_project/ro2_ws/install/limo_gazebo/share/limo_gazebo/hook/pythonpath.dsv'
[6.641s] INFO:colcon.colcon_core.shell:Creating environment hook '/home/federico/IDS_project/ro2_ws/install/limo_gazebo/share/limo_gazebo/hook/pythonpath.sh'
[6.643s] Level 1:colcon.colcon_core.environment:checking '/home/federico/IDS_project/ro2_ws/install/limo_gazebo/bin'
[6.643s] Level 1:colcon.colcon_core.environment:create_environment_scripts_only(limo_gazebo)
[6.643s] INFO:colcon.colcon_core.shell:Creating package script '/home/federico/IDS_project/ro2_ws/install/limo_gazebo/share/limo_gazebo/package.ps1'
[6.644s] INFO:colcon.colcon_core.shell:Creating package descriptor '/home/federico/IDS_project/ro2_ws/install/limo_gazebo/share/limo_gazebo/package.dsv'
[6.645s] INFO:colcon.colcon_core.shell:Creating package script '/home/federico/IDS_project/ro2_ws/install/limo_gazebo/share/limo_gazebo/package.sh'
[6.646s] INFO:colcon.colcon_core.shell:Creating package script '/home/federico/IDS_project/ro2_ws/install/limo_gazebo/share/limo_gazebo/package.bash'
[6.646s] INFO:colcon.colcon_core.shell:Creating package script '/home/federico/IDS_project/ro2_ws/install/limo_gazebo/share/limo_gazebo/package.zsh'
[6.647s] Level 1:colcon.colcon_core.environment:create_file_with_runtime_dependencies(/home/federico/IDS_project/ro2_ws/install/limo_gazebo/share/colcon-core/packages/limo_gazebo)
[6.648s] Level 1:colcon.colcon_core.environment:checking '/home/federico/IDS_project/ro2_ws/install/person_sim' for CMake module files
[6.652s] Level 1:colcon.colcon_core.environment:checking '/home/federico/IDS_project/ro2_ws/install/person_sim' for CMake config files
[6.652s] DEBUG:colcon.colcon_core.event_handler.log_command:Invoked command in '/home/federico/IDS_project/ro2_ws/src/person_sim' returned '0': DEBUGINFOD_URLS=https://debuginfod.ubuntu.com PYTHONPATH=/home/federico/IDS_project/ro2_ws/build/person_sim/prefix_override:/usr/lib/python3/dist-packages/colcon_core/task/python/colcon_distutils_commands:/home/federico/IDS_project/ro2_ws/install/person_sim/lib/python3.12/site-packages:${PYTHONPATH} /usr/bin/python3 -W ignore:setup.py install is deprecated -W ignore:easy_install command is deprecated setup.py egg_info --egg-base ../../build/person_sim build --build-base /home/federico/IDS_project/ro2_ws/build/person_sim/build install --record /home/federico/IDS_project/ro2_ws/build/person_sim/install.log --single-version-externally-managed install_data
[6.654s] Level 1:colcon.colcon_core.environment:checking '/home/federico/IDS_project/ro2_ws/install/person_sim/lib'
[6.654s] Level 1:colcon.colcon_core.environment:checking '/home/federico/IDS_project/ro2_ws/install/person_sim/bin'
[6.654s] Level 1:colcon.colcon_core.environment:checking '/home/federico/IDS_project/ro2_ws/install/person_sim/lib/pkgconfig/person_sim.pc'
[6.655s] Level 1:colcon.colcon_core.environment:checking '/home/federico/IDS_project/ro2_ws/install/person_sim/lib/python3.12/site-packages'
[6.655s] Level 1:colcon.colcon_core.shell:create_environment_hook('person_sim', 'pythonpath')
[6.655s] INFO:colcon.colcon_core.shell:Creating environment hook '/home/federico/IDS_project/ro2_ws/install/person_sim/share/person_sim/hook/pythonpath.ps1'
[6.656s] INFO:colcon.colcon_core.shell:Creating environment descriptor '/home/federico/IDS_project/ro2_ws/install/person_sim/share/person_sim/hook/pythonpath.dsv'
[6.656s] INFO:colcon.colcon_core.shell:Creating environment hook '/home/federico/IDS_project/ro2_ws/install/person_sim/share/person_sim/hook/pythonpath.sh'
[6.658s] Level 1:colcon.colcon_core.environment:checking '/home/federico/IDS_project/ro2_ws/install/person_sim/bin'
[6.658s] Level 1:colcon.colcon_core.environment:create_environment_scripts_only(person_sim)
[6.659s] INFO:colcon.colcon_core.shell:Creating package script '/home/federico/IDS_project/ro2_ws/install/person_sim/share/person_sim/package.ps1'
[6.659s] INFO:colcon.colcon_core.shell:Creating package descriptor '/home/federico/IDS_project/ro2_ws/install/person_sim/share/person_sim/package.dsv'
[6.660s] INFO:colcon.colcon_core.shell:Creating package script '/home/federico/IDS_project/ro2_ws/install/person_sim/share/person_sim/package.sh'
[6.661s] INFO:colcon.colcon_core.shell:Creating package script '/home/federico/IDS_project/ro2_ws/install/person_sim/share/person_sim/package.bash'
[6.661s] INFO:colcon.colcon_core.shell:Creating package script '/home/federico/IDS_project/ro2_ws/install/person_sim/share/person_sim/package.zsh'
[6.662s] Level 1:colcon.colcon_core.environment:create_file_with_runtime_dependencies(/home/federico/IDS_project/ro2_ws/install/person_sim/share/colcon-core/packages/person_sim)
[6.665s] Level 1:colcon.colcon_core.environment:checking '/home/federico/IDS_project/ro2_ws/install/limo_control' for CMake module files
[6.667s] DEBUG:colcon.colcon_core.event_handler.log_command:Invoked command in '/home/federico/IDS_project/ro2_ws/src/limo_control' returned '0': DEBUGINFOD_URLS=https://debuginfod.ubuntu.com PYTHONPATH=/home/federico/IDS_project/ro2_ws/build/limo_control/prefix_override:/usr/lib/python3/dist-packages/colcon_core/task/python/colcon_distutils_commands:/home/federico/IDS_project/ro2_ws/install/limo_control/lib/python3.12/site-packages:${PYTHONPATH} /usr/bin/python3 -W ignore:setup.py install is deprecated -W ignore:easy_install command is deprecated setup.py egg_info --egg-base ../../build/limo_control build --build-base /home/federico/IDS_project/ro2_ws/build/limo_control/build install --record /home/federico/IDS_project/ro2_ws/build/limo_control/install.log --single-version-externally-managed install_data
[6.668s] Level 1:colcon.colcon_core.environment:checking '/home/federico/IDS_project/ro2_ws/install/limo_control' for CMake config files
[6.670s] Level 1:colcon.colcon_core.environment:checking '/home/federico/IDS_project/ro2_ws/install/limo_control/lib'
[6.670s] Level 1:colcon.colcon_core.environment:checking '/home/federico/IDS_project/ro2_ws/install/limo_control/bin'
[6.670s] Level 1:colcon.colcon_core.environment:checking '/home/federico/IDS_project/ro2_ws/install/limo_control/lib/pkgconfig/limo_control.pc'
[6.670s] Level 1:colcon.colcon_core.environment:checking '/home/federico/IDS_project/ro2_ws/install/limo_control/lib/python3.12/site-packages'
[6.670s] Level 1:colcon.colcon_core.shell:create_environment_hook('limo_control', 'pythonpath')
[6.671s] INFO:colcon.colcon_core.shell:Creating environment hook '/home/federico/IDS_project/ro2_ws/install/limo_control/share/limo_control/hook/pythonpath.ps1'
[6.671s] INFO:colcon.colcon_core.shell:Creating environment descriptor '/home/federico/IDS_project/ro2_ws/install/limo_control/share/limo_control/hook/pythonpath.dsv'
[6.672s] INFO:colcon.colcon_core.shell:Creating environment hook '/home/federico/IDS_project/ro2_ws/install/limo_control/share/limo_control/hook/pythonpath.sh'
[6.674s] Level 1:colcon.colcon_core.environment:checking '/home/federico/IDS_project/ro2_ws/install/limo_control/bin'
[6.674s] Level 1:colcon.colcon_core.environment:create_environment_scripts_only(limo_control)
[6.674s] INFO:colcon.colcon_core.shell:Creating package script '/home/federico/IDS_project/ro2_ws/install/limo_control/share/limo_control/package.ps1'
[6.675s] INFO:colcon.colcon_core.shell:Creating package descriptor '/home/federico/IDS_project/ro2_ws/install/limo_control/share/limo_control/package.dsv'
[6.676s] INFO:colcon.colcon_core.shell:Creating package script '/home/federico/IDS_project/ro2_ws/install/limo_control/share/limo_control/package.sh'
[6.676s] INFO:colcon.colcon_core.shell:Creating package script '/home/federico/IDS_project/ro2_ws/install/limo_control/share/limo_control/package.bash'
[6.677s] INFO:colcon.colcon_core.shell:Creating package script '/home/federico/IDS_project/ro2_ws/install/limo_control/share/limo_control/package.zsh'
[6.677s] Level 1:colcon.colcon_core.environment:create_file_with_runtime_dependencies(/home/federico/IDS_project/ro2_ws/install/limo_control/share/colcon-core/packages/limo_control)
[6.677s] DEBUG:colcon.colcon_parallel_executor.executor.parallel:closing loop
[6.679s] DEBUG:colcon.colcon_parallel_executor.executor.parallel:loop closed
[6.679s] DEBUG:colcon.colcon_parallel_executor.executor.parallel:run_until_complete finished with '0'
[6.679s] DEBUG:colcon.colcon_core.event_reactor:joining thread
[6.995s] INFO:colcon.colcon_core.plugin_system:Skipping extension 'colcon_notification.desktop_notification.notify_send': Could not find 'notify-send'
[6.995s] INFO:colcon.colcon_core.plugin_system:Skipping extension 'colcon_notification.desktop_notification.terminal_notifier': Not used on non-Darwin systems
[6.995s] INFO:colcon.colcon_core.plugin_system:Skipping extension 'colcon_notification.desktop_notification.win32': Not used on non-Windows systems
[6.995s] INFO:colcon.colcon_notification.desktop_notification:Sending desktop notification using 'notify2'
[6.996s] DEBUG:colcon.colcon_notification.desktop_notification.notify2:Failed to initialize notify2: org.freedesktop.DBus.Error.FileNotFound: Failed to connect to socket /run/user/1000/bus: No such file or directory
[6.996s] DEBUG:colcon.colcon_core.event_reactor:joined thread
[6.996s] INFO:colcon.colcon_core.shell:Creating prefix script '/home/federico/IDS_project/ro2_ws/install/local_setup.ps1'
[6.998s] INFO:colcon.colcon_core.shell:Creating prefix util module '/home/federico/IDS_project/ro2_ws/install/_local_setup_util_ps1.py'
[7.000s] INFO:colcon.colcon_core.shell:Creating prefix chain script '/home/federico/IDS_project/ro2_ws/install/setup.ps1'
[7.002s] INFO:colcon.colcon_core.shell:Creating prefix script '/home/federico/IDS_project/ro2_ws/install/local_setup.sh'
[7.003s] INFO:colcon.colcon_core.shell:Creating prefix util module '/home/federico/IDS_project/ro2_ws/install/_local_setup_util_sh.py'
[7.003s] INFO:colcon.colcon_core.shell:Creating prefix chain script '/home/federico/IDS_project/ro2_ws/install/setup.sh'
[7.005s] INFO:colcon.colcon_core.shell:Creating prefix script '/home/federico/IDS_project/ro2_ws/install/local_setup.bash'
[7.006s] INFO:colcon.colcon_core.shell:Creating prefix chain script '/home/federico/IDS_project/ro2_ws/install/setup.bash'
[7.007s] INFO:colcon.colcon_core.shell:Creating prefix script '/home/federico/IDS_project/ro2_ws/install/local_setup.zsh'
[7.008s] INFO:colcon.colcon_core.shell:Creating prefix chain script '/home/federico/IDS_project/ro2_ws/install/setup.zsh'
