running egg_info
writing ../../build/limo_sensors/limo_sensors.egg-info/PKG-INFO
writing dependency_links to ../../build/limo_sensors/limo_sensors.egg-info/dependency_links.txt
deleting ../../build/limo_sensors/limo_sensors.egg-info/entry_points.txt
writing requirements to ../../build/limo_sensors/limo_sensors.egg-info/requires.txt
writing top-level names to ../../build/limo_sensors/limo_sensors.egg-info/top_level.txt
reading manifest file '../../build/limo_sensors/limo_sensors.egg-info/SOURCES.txt'
writing manifest file '../../build/limo_sensors/limo_sensors.egg-info/SOURCES.txt'
running build
running build_py
running install
running install_lib
creating /home/federico/IDS_project/ro2_ws/install/limo_sensors/lib/python3.12/site-packages/limo_sensors
copying /home/federico/IDS_project/ro2_ws/build/limo_sensors/build/lib/limo_sensors/__init__.py -> /home/federico/IDS_project/ro2_ws/install/limo_sensors/lib/python3.12/site-packages/limo_sensors
byte-compiling /home/federico/IDS_project/ro2_ws/install/limo_sensors/lib/python3.12/site-packages/limo_sensors/__init__.py to __init__.cpython-312.pyc
running install_data
running install_egg_info
Copying ../../build/limo_sensors/limo_sensors.egg-info to /home/federico/IDS_project/ro2_ws/install/limo_sensors/lib/python3.12/site-packages/limo_sensors-0.0.0-py3.12.egg-info
running install_scripts
writing list of installed files to '/home/federico/IDS_project/ro2_ws/build/limo_sensors/install.log'
