running egg_info
creating ../../build/limo_gazebo/limo_gazebo.egg-info
writing ../../build/limo_gazebo/limo_gazebo.egg-info/PKG-INFO
writing dependency_links to ../../build/limo_gazebo/limo_gazebo.egg-info/dependency_links.txt
writing entry points to ../../build/limo_gazebo/limo_gazebo.egg-info/entry_points.txt
writing requirements to ../../build/limo_gazebo/limo_gazebo.egg-info/requires.txt
writing top-level names to ../../build/limo_gazebo/limo_gazebo.egg-info/top_level.txt
writing manifest file '../../build/limo_gazebo/limo_gazebo.egg-info/SOURCES.txt'
reading manifest file '../../build/limo_gazebo/limo_gazebo.egg-info/SOURCES.txt'
writing manifest file '../../build/limo_gazebo/limo_gazebo.egg-info/SOURCES.txt'
running build
running build_py
creating /home/marco/marco/uni/magistrale/IDS_project/ro2_ws/build/limo_gazebo/build
creating /home/marco/marco/uni/magistrale/IDS_project/ro2_ws/build/limo_gazebo/build/lib
creating /home/marco/marco/uni/magistrale/IDS_project/ro2_ws/build/limo_gazebo/build/lib/limo_gazebo
copying limo_gazebo/__init__.py -> /home/marco/marco/uni/magistrale/IDS_project/ro2_ws/build/limo_gazebo/build/lib/limo_gazebo
running install
running install_lib
creating /home/marco/marco/uni/magistrale/IDS_project/ro2_ws/install/limo_gazebo/lib/python3.10/site-packages/limo_gazebo
copying /home/marco/marco/uni/magistrale/IDS_project/ro2_ws/build/limo_gazebo/build/lib/limo_gazebo/__init__.py -> /home/marco/marco/uni/magistrale/IDS_project/ro2_ws/install/limo_gazebo/lib/python3.10/site-packages/limo_gazebo
byte-compiling /home/marco/marco/uni/magistrale/IDS_project/ro2_ws/install/limo_gazebo/lib/python3.10/site-packages/limo_gazebo/__init__.py to __init__.cpython-310.pyc
running install_data
creating /home/marco/marco/uni/magistrale/IDS_project/ro2_ws/install/limo_gazebo/share/ament_index
creating /home/marco/marco/uni/magistrale/IDS_project/ro2_ws/install/limo_gazebo/share/ament_index/resource_index
creating /home/marco/marco/uni/magistrale/IDS_project/ro2_ws/install/limo_gazebo/share/ament_index/resource_index/packages
copying resource/limo_gazebo -> /home/marco/marco/uni/magistrale/IDS_project/ro2_ws/install/limo_gazebo/share/ament_index/resource_index/packages
copying package.xml -> /home/marco/marco/uni/magistrale/IDS_project/ro2_ws/install/limo_gazebo/share/limo_gazebo
running install_egg_info
Copying ../../build/limo_gazebo/limo_gazebo.egg-info to /home/marco/marco/uni/magistrale/IDS_project/ro2_ws/install/limo_gazebo/lib/python3.10/site-packages/limo_gazebo-0.0.0-py3.10.egg-info
running install_scripts
writing list of installed files to '/home/marco/marco/uni/magistrale/IDS_project/ro2_ws/build/limo_gazebo/install.log'
