running egg_info
writing ../../build/person_sim/person_sim.egg-info/PKG-INFO
writing dependency_links to ../../build/person_sim/person_sim.egg-info/dependency_links.txt
writing entry points to ../../build/person_sim/person_sim.egg-info/entry_points.txt
writing requirements to ../../build/person_sim/person_sim.egg-info/requires.txt
writing top-level names to ../../build/person_sim/person_sim.egg-info/top_level.txt
reading manifest file '../../build/person_sim/person_sim.egg-info/SOURCES.txt'
writing manifest file '../../build/person_sim/person_sim.egg-info/SOURCES.txt'
running build
running build_py
running install
running install_lib
running install_data
copying package.xml -> /home/marco/marco/uni/magistrale/IDS_project/ro2_ws/install/person_sim/share/person_sim
running install_egg_info
removing '/home/marco/marco/uni/magistrale/IDS_project/ro2_ws/install/person_sim/lib/python3.10/site-packages/person_sim-0.0.0-py3.10.egg-info' (and everything under it)
Copying ../../build/person_sim/person_sim.egg-info to /home/marco/marco/uni/magistrale/IDS_project/ro2_ws/install/person_sim/lib/python3.10/site-packages/person_sim-0.0.0-py3.10.egg-info
running install_scripts
Installing person_sim_node script to /home/marco/marco/uni/magistrale/IDS_project/ro2_ws/install/person_sim/lib/person_sim
writing list of installed files to '/home/marco/marco/uni/magistrale/IDS_project/ro2_ws/build/person_sim/install.log'
